2023-12-26 03:54:43,197 [INFO] Activator:176 - 


2023-12-26 03:54:43,198 [INFO] Activator:177 - !SESSION log4j initialized
2023-12-26 03:54:46,299 [INFO] LogOutputStream:77 - [STDOUT_REDIRECT] 
2023-12-26 03:54:52,806 [INFO] ApplicationProperties:184 - Using Application install path: C:\ST\STM32CubeIDE_1.13.2\STM32CubeIDE\plugins\com.st.stm32cube.common.mx_6.9.2.202309101412
2023-12-26 03:54:52,824 [INFO] DbMcusXml:78 - Set database path to: C:\ST\STM32CubeIDE_1.13.2\STM32CubeIDE\plugins\com.st.stm32cube.common.mx_6.9.2.202309101412\\db\/mcu/
2023-12-26 03:54:52,824 [INFO] ApiDb:274 - Set plugin database path to: C:\ST\STM32CubeIDE_1.13.2\STM32CubeIDE\plugins\com.st.stm32cube.common.mx_6.9.2.202309101412\\db\/plugins/boardmanager/
2023-12-26 03:54:52,825 [WARN] ApiDb:259 - Overriding images path with different value:  => C:\ST\STM32CubeIDE_1.13.2\STM32CubeIDE\plugins\com.st.stm32cube.common.mx_6.9.2.202309101412\\db\/plugins/mcufinder/images/
2023-12-26 03:54:52,831 [INFO] ApiDb:250 - Set database path to: C:\Users\tejas\.stmcufinder\plugins\mcufinder//mcu/
2023-12-26 03:54:52,832 [INFO] DbMcusAds:125 - Set database path to: C:\Users\tejas\.stmcufinder\plugins\mcufinder//mcu/
2023-12-26 03:54:52,834 [INFO] CrossReferenceDbSqlite:203 - Set database path to: C:\Users\tejas\.stmcufinder\plugins\mcufinder//mcu/cs/
2023-12-26 03:54:52,941 [INFO] RulesReader:64 - Compatibility file has been processed (293 Rules)
2023-12-26 03:54:53,014 [INFO] DbMcusXml:78 - Set database path to: C:\ST\STM32CubeIDE_1.13.2\STM32CubeIDE\plugins\com.st.stm32cube.common.mx_6.9.2.202309101412\\db\/mcu/
2023-12-26 03:54:53,014 [INFO] ApiDb:274 - Set plugin database path to: C:\ST\STM32CubeIDE_1.13.2\STM32CubeIDE\plugins\com.st.stm32cube.common.mx_6.9.2.202309101412\\db\/plugins/boardmanager/
2023-12-26 03:54:53,015 [INFO] ApiDb:261 - Set plugin images path to: C:\ST\STM32CubeIDE_1.13.2\STM32CubeIDE\plugins\com.st.stm32cube.common.mx_6.9.2.202309101412\\db\/plugins/mcufinder/images/
2023-12-26 03:54:53,015 [WARN] DbFile:41 - Overriding database path with different value: C:\Users\tejas\.stmcufinder\plugins\mcufinder/ => C:\Users\tejas\.stmcufinder\plugins\mcufinder
2023-12-26 03:54:53,016 [INFO] ApiDb:250 - Set database path to: C:\Users\tejas\.stmcufinder\plugins\mcufinder//mcu/
2023-12-26 03:54:53,016 [WARN] DbFile:41 - Overriding database path with different value: C:\Users\tejas\.stmcufinder\plugins\mcufinder/ => C:\Users\tejas\.stmcufinder\plugins\mcufinder
2023-12-26 03:54:53,016 [INFO] DbMcusAds:125 - Set database path to: C:\Users\tejas\.stmcufinder\plugins\mcufinder//mcu/
2023-12-26 03:54:53,016 [WARN] DbFile:41 - Overriding database path with different value: C:\Users\tejas\.stmcufinder\plugins\mcufinder/ => C:\Users\tejas\.stmcufinder\plugins\mcufinder
2023-12-26 03:54:53,016 [WARN] DbFile:41 - Overriding database path with different value: C:\Users\tejas\.stmcufinder\plugins\mcufinder/ => C:\Users\tejas\.stmcufinder\plugins\mcufinder
2023-12-26 03:54:53,017 [INFO] CrossReferenceDbSqlite:203 - Set database path to: C:\Users\tejas\.stmcufinder\plugins\mcufinder//mcu/cs/
2023-12-26 03:54:53,086 [INFO] MainPanel:262 - HeapMemory: 268435456
2023-12-26 03:54:53,168 [INFO] DbMcusXml:78 - Set database path to: C:\ST\STM32CubeIDE_1.13.2\STM32CubeIDE\plugins\com.st.stm32cube.common.mx_6.9.2.202309101412\\db\/mcu/
2023-12-26 03:54:53,168 [INFO] ApiDb:274 - Set plugin database path to: C:\ST\STM32CubeIDE_1.13.2\STM32CubeIDE\plugins\com.st.stm32cube.common.mx_6.9.2.202309101412\\db\/plugins/boardmanager/
2023-12-26 03:54:53,168 [INFO] ApiDb:261 - Set plugin images path to: C:\ST\STM32CubeIDE_1.13.2\STM32CubeIDE\plugins\com.st.stm32cube.common.mx_6.9.2.202309101412\\db\/plugins/mcufinder/images/
2023-12-26 03:54:53,168 [WARN] DbFile:41 - Overriding database path with different value: C:\Users\tejas\.stmcufinder\plugins\mcufinder/ => C:\Users\tejas\.stmcufinder\plugins\mcufinder
2023-12-26 03:54:53,169 [INFO] ApiDb:250 - Set database path to: C:\Users\tejas\.stmcufinder\plugins\mcufinder//mcu/
2023-12-26 03:54:53,169 [WARN] DbFile:41 - Overriding database path with different value: C:\Users\tejas\.stmcufinder\plugins\mcufinder/ => C:\Users\tejas\.stmcufinder\plugins\mcufinder
2023-12-26 03:54:53,169 [INFO] DbMcusAds:125 - Set database path to: C:\Users\tejas\.stmcufinder\plugins\mcufinder//mcu/
2023-12-26 03:54:53,169 [WARN] DbFile:41 - Overriding database path with different value: C:\Users\tejas\.stmcufinder\plugins\mcufinder/ => C:\Users\tejas\.stmcufinder\plugins\mcufinder
2023-12-26 03:54:53,169 [WARN] DbFile:41 - Overriding database path with different value: C:\Users\tejas\.stmcufinder\plugins\mcufinder/ => C:\Users\tejas\.stmcufinder\plugins\mcufinder
2023-12-26 03:54:53,169 [INFO] CrossReferenceDbSqlite:203 - Set database path to: C:\Users\tejas\.stmcufinder\plugins\mcufinder//mcu/cs/
2023-12-26 03:54:53,186 [INFO] ApplicationProperties:184 - Using Application install path: C:\ST\STM32CubeIDE_1.13.2\STM32CubeIDE\plugins\com.st.stm32cube.common.mx_6.9.2.202309101412
2023-12-26 03:54:53,187 [INFO] PluginManage:196 - Search for loadable plugins [exclusion list=, ]
2023-12-26 03:54:53,187 [INFO] PluginManage:310 - Check plugin analytics
2023-12-26 03:54:58,283 [INFO] AnalyticsPlugin:253 - Accepted Software Licenses: 
2023-12-26 03:54:58,283 [INFO] AnalyticsPlugin:255 - Accepted CMSIS Pack Licenses: 
2023-12-26 03:54:58,283 [INFO] AnalyticsPlugin:257 - Accepted Firmware Licenses: 
2023-12-26 03:54:58,286 [INFO] PluginManage:359 - Loaded plugin analytics (category:tool,tabindex:-1)
2023-12-26 03:54:58,286 [INFO] PluginManage:310 - Check plugin cadmodel
2023-12-26 03:54:58,290 [INFO] CADModel:105 - Init CAD model plugin
2023-12-26 03:54:58,290 [INFO] PluginManage:359 - Loaded plugin cadmodel (category:power,tabindex:5)
2023-12-26 03:54:58,290 [INFO] PluginManage:310 - Check plugin clock
2023-12-26 03:54:58,298 [INFO] PluginManage:359 - Loaded plugin clock (category:base,tabindex:2)
2023-12-26 03:54:58,298 [INFO] PluginManage:310 - Check plugin ddr
2023-12-26 03:54:58,301 [INFO] PluginManage:359 - Loaded plugin ddr (category:tool,tabindex:6)
2023-12-26 03:54:58,301 [INFO] PluginManage:310 - Check plugin filemanager
2023-12-26 03:54:58,434 [INFO] PluginManage:359 - Loaded plugin filemanager (category:base,tabindex:10)
2023-12-26 03:54:58,434 [INFO] PluginManage:310 - Check plugin ipmanager
2023-12-26 03:54:58,443 [INFO] PluginManage:359 - Loaded plugin ipmanager (category:base,tabindex:5)
2023-12-26 03:54:58,443 [INFO] PluginManage:310 - Check plugin lpbam
2023-12-26 03:54:58,472 [INFO] PluginManage:359 - Loaded plugin lpbam (category:base,tabindex:0)
2023-12-26 03:54:58,472 [INFO] PluginManage:310 - Check plugin memorymap
2023-12-26 03:54:58,500 [INFO] PluginManage:359 - Loaded plugin memorymap (category:base,tabindex:4)
2023-12-26 03:54:58,500 [INFO] PluginManage:310 - Check plugin pinoutandconfiguration
2023-12-26 03:54:58,514 [INFO] PluginManage:359 - Loaded plugin pinoutandconfiguration (category:base,tabindex:1)
2023-12-26 03:54:58,515 [INFO] PluginManage:310 - Check plugin pinoutconfig
2023-12-26 03:54:58,618 [WARN] SupportedApi:132 - Cannot load RTOS API schema: s4s-elt-must-match.1: The content of 'definitions' must match (annotation?, (simpleType | complexType)?, (unique | key | keyref)*)). A problem was found starting at: attribute.
2023-12-26 03:54:58,747 [INFO] PluginManage:359 - Loaded plugin pinoutconfig (category:base,tabindex:0)
2023-12-26 03:54:58,748 [INFO] PluginManage:310 - Check plugin power
2023-12-26 03:54:58,754 [INFO] PluginManage:359 - Loaded plugin power (category:power,tabindex:4)
2023-12-26 03:54:58,754 [INFO] PluginManage:310 - Check plugin projectmanager
2023-12-26 03:54:58,767 [INFO] PluginManage:359 - Loaded plugin projectmanager (category:projectmanager,tabindex:3)
2023-12-26 03:54:58,767 [INFO] PluginManage:310 - Check plugin thirdparty
2023-12-26 03:54:58,888 [INFO] PluginManage:359 - Loaded plugin thirdparty (category:base,tabindex:-1)
2023-12-26 03:54:58,888 [INFO] PluginManage:310 - Check plugin tools
2023-12-26 03:54:58,888 [WARN] IntegrityCheckThread:84 - waiting for thirdparty lock release [integrity check]
2023-12-26 03:54:58,888 [INFO] IntegrityCheckThread:86 - entering critical section [integrity check]
2023-12-26 03:54:58,888 [INFO] ThirdPartyUpdaterWithRetryManager:70 - Updater plugin not ready yet. [1/15]
2023-12-26 03:54:58,892 [INFO] PluginManage:359 - Loaded plugin tools (category:base,tabindex:7)
2023-12-26 03:54:58,892 [INFO] PluginManage:310 - Check plugin tutovideos
2023-12-26 03:54:59,042 [INFO] PluginManage:359 - Loaded plugin tutovideos (category:base,tabindex:-1)
2023-12-26 03:54:59,043 [INFO] PluginManage:310 - Check plugin updater
2023-12-26 03:54:59,053 [INFO] PluginManage:359 - Loaded plugin updater (category:base,tabindex:12)
2023-12-26 03:54:59,053 [INFO] PluginManage:310 - Check plugin userauth
2023-12-26 03:54:59,057 [INFO] UserAuth:113 - Init User Auth plugin
2023-12-26 03:54:59,057 [INFO] PluginManage:359 - Loaded plugin userauth (category:base,tabindex:14)
2023-12-26 03:54:59,058 [INFO] PluginManage:283 - PluginManage : Loaded plugins [17]
2023-12-26 03:54:59,230 [INFO] PinOutPanel:1499 - setPackage(No Configuration,No Configuration)
2023-12-26 03:54:59,319 [INFO] CADModel:165 - CPN selected for project level
2023-12-26 03:54:59,320 [INFO] CADModel:114 - Register for checkConnection events
2023-12-26 03:54:59,332 [INFO] IPUIPlugin:80 - create IPUIPlugin
2023-12-26 03:54:59,332 [INFO] PluginManager:220 - loadIPPluginJar : add adc
2023-12-26 03:54:59,333 [INFO] IPUIPlugin:80 - create IPUIPlugin
2023-12-26 03:54:59,334 [INFO] PluginManager:220 - loadIPPluginJar : add aes
2023-12-26 03:54:59,335 [INFO] IPUIPlugin:80 - create IPUIPlugin
2023-12-26 03:54:59,335 [INFO] PluginManager:220 - loadIPPluginJar : add can
2023-12-26 03:54:59,336 [INFO] IPUIPlugin:80 - create IPUIPlugin
2023-12-26 03:54:59,336 [INFO] PluginManager:220 - loadIPPluginJar : add comp
2023-12-26 03:54:59,337 [INFO] IPUIPlugin:80 - create IPUIPlugin
2023-12-26 03:54:59,337 [INFO] PluginManager:220 - loadIPPluginJar : add cryp
2023-12-26 03:54:59,339 [INFO] IPUIPlugin:80 - create IPUIPlugin
2023-12-26 03:54:59,339 [INFO] PluginManager:220 - loadIPPluginJar : add dfsdm
2023-12-26 03:54:59,343 [INFO] IPUIPlugin:80 - create IPUIPlugin
2023-12-26 03:54:59,344 [INFO] PluginManager:220 - loadIPPluginJar : add dma
2023-12-26 03:54:59,345 [INFO] IPUIPlugin:80 - create IPUIPlugin
2023-12-26 03:54:59,345 [INFO] PluginManager:220 - loadIPPluginJar : add dma3
2023-12-26 03:54:59,346 [INFO] IPUIPlugin:80 - create IPUIPlugin
2023-12-26 03:54:59,346 [INFO] PluginManager:220 - loadIPPluginJar : add fatfs
2023-12-26 03:54:59,349 [INFO] IPUIPlugin:80 - create IPUIPlugin
2023-12-26 03:54:59,350 [INFO] PluginManager:220 - loadIPPluginJar : add fmc
2023-12-26 03:54:59,354 [INFO] IPUIPlugin:80 - create IPUIPlugin
2023-12-26 03:54:59,354 [INFO] PluginManager:220 - loadIPPluginJar : add freertos
2023-12-26 03:54:59,355 [INFO] IPUIPlugin:80 - create IPUIPlugin
2023-12-26 03:54:59,355 [INFO] PluginManager:220 - loadIPPluginJar : add genericplugin
2023-12-26 03:54:59,356 [INFO] IPUIPlugin:80 - create IPUIPlugin
2023-12-26 03:54:59,356 [INFO] PluginManager:220 - loadIPPluginJar : add gfxmmu
2023-12-26 03:54:59,359 [INFO] IPUIPlugin:80 - create IPUIPlugin
2023-12-26 03:54:59,359 [INFO] PluginManager:220 - loadIPPluginJar : add gic
2023-12-26 03:54:59,362 [INFO] IPUIPlugin:80 - create IPUIPlugin
2023-12-26 03:54:59,362 [INFO] PluginManager:220 - loadIPPluginJar : add gpio
2023-12-26 03:54:59,364 [INFO] IPUIPlugin:80 - create IPUIPlugin
2023-12-26 03:54:59,364 [INFO] PluginManager:220 - loadIPPluginJar : add gtzc
2023-12-26 03:54:59,366 [INFO] IPUIPlugin:80 - create IPUIPlugin
2023-12-26 03:54:59,366 [INFO] PluginManager:220 - loadIPPluginJar : add hash
2023-12-26 03:54:59,367 [INFO] IPUIPlugin:80 - create IPUIPlugin
2023-12-26 03:54:59,367 [INFO] PluginManager:220 - loadIPPluginJar : add i2c
2023-12-26 03:54:59,369 [INFO] IPUIPlugin:80 - create IPUIPlugin
2023-12-26 03:54:59,369 [INFO] PluginManager:220 - loadIPPluginJar : add i2s
2023-12-26 03:54:59,371 [INFO] IPUIPlugin:80 - create IPUIPlugin
2023-12-26 03:54:59,371 [INFO] PluginManager:220 - loadIPPluginJar : add i3c
2023-12-26 03:54:59,373 [INFO] IPUIPlugin:80 - create IPUIPlugin
2023-12-26 03:54:59,373 [INFO] PluginManager:220 - loadIPPluginJar : add ipddr
2023-12-26 03:54:59,379 [INFO] IPUIPlugin:80 - create IPUIPlugin
2023-12-26 03:54:59,379 [INFO] PluginManager:220 - loadIPPluginJar : add linkedlist
2023-12-26 03:54:59,381 [INFO] IPUIPlugin:80 - create IPUIPlugin
2023-12-26 03:54:59,381 [INFO] PluginManager:220 - loadIPPluginJar : add lorawan
2023-12-26 03:54:59,382 [INFO] IPUIPlugin:80 - create IPUIPlugin
2023-12-26 03:54:59,382 [INFO] PluginManager:220 - loadIPPluginJar : add ltdc
2023-12-26 03:54:59,386 [INFO] IPUIPlugin:80 - create IPUIPlugin
2023-12-26 03:54:59,387 [INFO] PluginManager:220 - loadIPPluginJar : add mdma
2023-12-26 03:54:59,389 [INFO] IPUIPlugin:80 - create IPUIPlugin
2023-12-26 03:54:59,390 [INFO] PluginManager:220 - loadIPPluginJar : add nvic
2023-12-26 03:54:59,392 [INFO] IPUIPlugin:80 - create IPUIPlugin
2023-12-26 03:54:59,392 [INFO] PluginManager:220 - loadIPPluginJar : add opamp
2023-12-26 03:54:59,394 [INFO] IPUIPlugin:80 - create IPUIPlugin
2023-12-26 03:54:59,395 [INFO] PluginManager:220 - loadIPPluginJar : add openamp
2023-12-26 03:54:59,397 [INFO] IPUIPlugin:80 - create IPUIPlugin
2023-12-26 03:54:59,397 [INFO] PluginManager:220 - loadIPPluginJar : add pdm2pcm
2023-12-26 03:54:59,402 [INFO] IPUIPlugin:80 - create IPUIPlugin
2023-12-26 03:54:59,404 [INFO] PluginManager:220 - loadIPPluginJar : add plateformsettings
2023-12-26 03:54:59,405 [INFO] IPUIPlugin:80 - create IPUIPlugin
2023-12-26 03:54:59,406 [INFO] PluginManager:220 - loadIPPluginJar : add quadspi
2023-12-26 03:54:59,408 [INFO] IPUIPlugin:80 - create IPUIPlugin
2023-12-26 03:54:59,408 [INFO] PluginManager:220 - loadIPPluginJar : add resmgrutility
2023-12-26 03:54:59,410 [INFO] IPUIPlugin:80 - create IPUIPlugin
2023-12-26 03:54:59,410 [INFO] PluginManager:220 - loadIPPluginJar : add sai
2023-12-26 03:54:59,412 [INFO] IPUIPlugin:80 - create IPUIPlugin
2023-12-26 03:54:59,412 [INFO] PluginManager:220 - loadIPPluginJar : add spi
2023-12-26 03:54:59,416 [INFO] IPUIPlugin:80 - create IPUIPlugin
2023-12-26 03:54:59,416 [INFO] PluginManager:220 - loadIPPluginJar : add stm32_wpan
2023-12-26 03:54:59,417 [INFO] IPUIPlugin:80 - create IPUIPlugin
2023-12-26 03:54:59,418 [INFO] PluginManager:220 - loadIPPluginJar : add tim
2023-12-26 03:54:59,420 [INFO] IPUIPlugin:80 - create IPUIPlugin
2023-12-26 03:54:59,420 [INFO] PluginManager:220 - loadIPPluginJar : add touchsensing
2023-12-26 03:54:59,422 [INFO] IPUIPlugin:80 - create IPUIPlugin
2023-12-26 03:54:59,422 [INFO] PluginManager:220 - loadIPPluginJar : add tracer_emb
2023-12-26 03:54:59,424 [INFO] IPUIPlugin:80 - create IPUIPlugin
2023-12-26 03:54:59,424 [INFO] PluginManager:220 - loadIPPluginJar : add ts
2023-12-26 03:54:59,424 [INFO] IPUIPlugin:80 - create IPUIPlugin
2023-12-26 03:54:59,424 [INFO] PluginManager:220 - loadIPPluginJar : add tsc
2023-12-26 03:54:59,425 [INFO] IPUIPlugin:80 - create IPUIPlugin
2023-12-26 03:54:59,426 [INFO] PluginManager:220 - loadIPPluginJar : add ucpd
2023-12-26 03:54:59,428 [INFO] IPUIPlugin:80 - create IPUIPlugin
2023-12-26 03:54:59,428 [INFO] PluginManager:220 - loadIPPluginJar : add usart
2023-12-26 03:54:59,430 [INFO] IPUIPlugin:80 - create IPUIPlugin
2023-12-26 03:54:59,430 [INFO] PluginManager:220 - loadIPPluginJar : add usbx
2023-12-26 03:54:59,547 [INFO] CADModel:165 - CPN selected for project level
2023-12-26 03:54:59,547 [INFO] CADModel:114 - Register for checkConnection events
2023-12-26 03:54:59,547 [FATAL] Updater:308 - Updater called before beeing initialized
2023-12-26 03:54:59,547 [ERROR] CADModel:125 - Updater not yet initialized, retry later 
2023-12-26 03:54:59,660 [INFO] CADModel:165 - CPN selected for project level
2023-12-26 03:54:59,660 [INFO] CADModel:114 - Register for checkConnection events
2023-12-26 03:54:59,660 [FATAL] Updater:308 - Updater called before beeing initialized
2023-12-26 03:54:59,660 [ERROR] CADModel:125 - Updater not yet initialized, retry later 
2023-12-26 03:54:59,663 [FATAL] Updater:308 - Updater called before beeing initialized
2023-12-26 03:54:59,745 [FATAL] Updater:308 - Updater called before beeing initialized
2023-12-26 03:54:59,751 [INFO] DbMcusAds:53 - JSON generation date=Wed Nov 29 05:52:27 EST 2023 (1701255147349)
2023-12-26 03:54:59,751 [FATAL] Updater:308 - Updater called before beeing initialized
2023-12-26 03:54:59,780 [WARN] DetailPanel:346 - Failed to get advertising image, set to default
2023-12-26 03:54:59,866 [FATAL] Updater:308 - Updater called before beeing initialized
2023-12-26 03:54:59,868 [FATAL] Updater:308 - Updater called before beeing initialized
2023-12-26 03:54:59,868 [FATAL] Updater:308 - Updater called before beeing initialized
2023-12-26 03:54:59,868 [WARN] DetailPanel:346 - Failed to get advertising image, set to default
2023-12-26 03:54:59,869 [FATAL] Updater:308 - Updater called before beeing initialized
2023-12-26 03:54:59,905 [ERROR] Updater:1120 - MainUpdater not yet initialized. External WinMGr cannot be set.
2023-12-26 03:54:59,907 [INFO] Updater:1056 - Updater Version found : 6.9.2
2023-12-26 03:54:59,925 [INFO] ApplicationProperties:184 - Using Application install path: C:\ST\STM32CubeIDE_1.13.2\STM32CubeIDE\plugins\com.st.stm32cube.common.mx_6.9.2.202309101412
2023-12-26 03:55:00,016 [INFO] MainUpdater:2868 - connection check result : 10
2023-12-26 03:55:00,017 [INFO] MainUpdater:285 - Updater Check For Update Now.
2023-12-26 03:55:00,017 [INFO] MicroXplorer:498 - Change Database Version : DB.6.0.92
2023-12-26 03:55:00,025 [INFO] McuFinderGlobals:63 - Set McuFinder mode to 2 (CubeIDE integrated)
2023-12-26 03:55:00,025 [INFO] UserAuth:179 - activating auth plugin
2023-12-26 03:55:00,027 [INFO] UserAuth:393 - Internet connection configuration mode: 1
2023-12-26 03:55:00,047 [INFO] JxBrowserEngine:151 - Initiate JxBrowser Engine with user profile folder
2023-12-26 03:55:00,186 [INFO] CheckServerUpdateThread:120 - End of CheckServer Thread
2023-12-26 03:55:00,761 [INFO] WebApp:157 - Instantiating new browser for Auth
2023-12-26 03:55:01,186 [INFO] WebApp:753 - Register for checkConnection events
2023-12-26 03:55:01,187 [INFO] WebApp:390 - Apply proxy settings
2023-12-26 03:55:01,187 [INFO] WebApp:475 - Chromium requires no authentication
2023-12-26 03:55:01,193 [INFO] WebApp:418 - Direct internet connection detected
2023-12-26 03:55:01,325 [INFO] WebApp:188 - Starting web application
2023-12-26 03:55:01,325 [INFO] WebApp:520 - Web application path used C:\ST\STM32CubeIDE_1.13.2\STM32CubeIDE\plugins\com.st.stm32cube.common.mx_6.9.2.202309101412\db\plugins\mcufinder\reactClient1\index.html
2023-12-26 03:55:02,002 [WARN] PackLoader:240 - Cannot read IP mode file for STMicroelectronics.X-CUBE-SMBUS.2.1.0
2023-12-26 03:55:02,010 [WARN] PackLoader:240 - Cannot read IP mode file for STMicroelectronics.X-CUBE-TOUCHGFX.4.23.0
2023-12-26 03:55:02,034 [WARN] PackLoader:240 - Cannot read IP mode file for STMicroelectronics.X-CUBE-AZRTOS-F7.1.1.0
2023-12-26 03:55:02,045 [WARN] PackLoader:240 - Cannot read IP mode file for STMicroelectronics.FP-SNS-MOTENV1.4.3.2
2023-12-26 03:55:02,051 [WARN] PackLoader:240 - Cannot read IP mode file for STMicroelectronics.FP-SNS-FLIGHT1.5.0.2
2023-12-26 03:55:02,060 [WARN] PackLoader:240 - Cannot read IP mode file for STMicroelectronics.X-CUBE-DISPLAY.3.0.0
2023-12-26 03:55:02,072 [WARN] PackLoader:240 - Cannot read IP mode file for STMicroelectronics.X-CUBE-BLE1.7.0.0
2023-12-26 03:55:02,078 [WARN] PackLoader:240 - Cannot read IP mode file for emotas.I-CUBE-CANOPEN.1.3.0
2023-12-26 03:55:02,082 [WARN] PackLoader:240 - Cannot read IP mode file for STMicroelectronics.X-CUBE-TOUCHGFX.4.22.1
2023-12-26 03:55:02,086 [WARN] PackLoader:240 - Cannot read IP mode file for STMicroelectronics.FP-SNS-SMARTAG2.1.2.0
2023-12-26 03:55:02,096 [INFO] LogOutputStream:77 - [STDOUT_REDIRECT] 1 : Invalid condition id : UX_CORESTACK_Condition cause : null
2023-12-26 03:55:02,097 [INFO] LogOutputStream:77 - [STDOUT_REDIRECT] 1 : Invalid condition id : UX_CORESTACK_Condition cause : null
2023-12-26 03:55:02,098 [INFO] LogOutputStream:77 - [STDOUT_REDIRECT] 1 : Invalid condition id : UX_CORESTACK_Condition cause : null
2023-12-26 03:55:02,099 [INFO] LogOutputStream:77 - [STDOUT_REDIRECT] 1 : Invalid condition id : UX_CORESTACK_Condition cause : null
2023-12-26 03:55:02,100 [INFO] LogOutputStream:77 - [STDOUT_REDIRECT] 1 : Invalid condition id : UX_CORESTACK_Condition cause : null
2023-12-26 03:55:02,103 [WARN] PackLoader:240 - Cannot read IP mode file for STMicroelectronics.X-CUBE-AZRTOS-WL.2.0.0
2023-12-26 03:55:02,115 [WARN] PackLoader:240 - Cannot read IP mode file for WES.I-CUBE-Cesium.1.3.0
2023-12-26 03:55:02,121 [WARN] PackLoader:240 - Cannot read IP mode file for STMicroelectronics.X-CUBE-BLE2.3.3.0
2023-12-26 03:55:02,128 [WARN] PackLoader:240 - Cannot read IP mode file for STMicroelectronics.X-CUBE-ALGOBUILD.1.3.0
2023-12-26 03:55:02,145 [WARN] PackLoader:240 - Cannot read IP mode file for STMicroelectronics.X-CUBE-AZRTOS-G0.1.1.0
2023-12-26 03:55:02,153 [WARN] PackLoader:240 - Cannot read IP mode file for STMicroelectronics.X-CUBE-NFC4.3.0.0
2023-12-26 03:55:02,163 [WARN] PackLoader:240 - Cannot read IP mode file for STMicroelectronics.X-CUBE-BLEMGR.3.0.0
2023-12-26 03:55:02,170 [WARN] PackLoader:240 - Cannot read IP mode file for STMicroelectronics.FP-ATR-SIGFOX1.3.2.0
2023-12-26 03:55:02,208 [WARN] PackLoader:240 - Cannot read IP mode file for SEGGER.I-CUBE-embOS.1.3.1
2023-12-26 03:55:02,242 [WARN] PackLoader:240 - Cannot read IP mode file for STMicroelectronics.X-CUBE-GNSS1.6.0.0
2023-12-26 03:55:02,257 [WARN] PackLoader:240 - Cannot read IP mode file for STMicroelectronics.X-CUBE-AZRTOS-F4.1.1.0
2023-12-26 03:55:02,264 [WARN] PackLoader:240 - Cannot read IP mode file for wolfSSL.I-CUBE-wolfSSL.5.6.4
2023-12-26 03:55:02,277 [WARN] PackLoader:240 - Cannot read IP mode file for STMicroelectronics.X-CUBE-AZRTOS-L5.2.0.0
2023-12-26 03:55:02,286 [WARN] PackLoader:240 - Cannot read IP mode file for STMicroelectronics.X-CUBE-EEPRMA1.4.2.0
2023-12-26 03:55:02,291 [WARN] PackLoader:240 - Cannot read IP mode file for ITTIA_DB.I-CUBE-ITTIADB.8.8.0
2023-12-26 03:55:02,304 [WARN] ConditionMgr:438 - getConditionDescription Invalid condition id : UX DEVICE CLASS RTOS Condition cause : null
2023-12-26 03:55:02,304 [WARN] ConditionMgr:438 - getConditionDescription Invalid condition id : UX DEVICE CLASS RTOS Condition cause : null
2023-12-26 03:55:02,306 [WARN] PackLoader:240 - Cannot read IP mode file for STMicroelectronics.X-CUBE-AZRTOS-H7.3.1.0
2023-12-26 03:55:02,307 [WARN] ConditionMgr:1039 - genDependencies : Invalid condition id : UX DEVICE CLASS RTOS Condition cause : null
2023-12-26 03:55:02,307 [WARN] ConditionMgr:1039 - genDependencies : Invalid condition id : UX DEVICE CLASS RTOS Condition cause : null
2023-12-26 03:55:02,308 [WARN] ConditionMgr:1039 - genDependencies : Invalid condition id : UX DEVICE CLASS RTOS Condition cause : null
2023-12-26 03:55:02,308 [WARN] ConditionMgr:1039 - genDependencies : Invalid condition id : UX DEVICE CLASS RTOS Condition cause : null
2023-12-26 03:55:02,308 [WARN] ConditionMgr:1039 - genDependencies : Invalid condition id : UX DEVICE CLASS RTOS Condition cause : null
2023-12-26 03:55:02,313 [WARN] PackLoader:240 - Cannot read IP mode file for STMicroelectronics.X-CUBE-NFC7.1.0.1
2023-12-26 03:55:02,320 [WARN] PackLoader:240 - Cannot read IP mode file for STMicroelectronics.X-CUBE-NFC6.3.0.0
2023-12-26 03:55:02,325 [WARN] PackLoader:240 - Cannot read IP mode file for STMicroelectronics.X-CUBE-AI.8.1.0
2023-12-26 03:55:02,339 [WARN] ConditionMgr:438 - getConditionDescription Invalid condition id : LAN8742 Phy interface Condition cause : null
2023-12-26 03:55:02,339 [WARN] PackLoader:240 - Cannot read IP mode file for STMicroelectronics.X-CUBE-AZRTOS-L4.2.0.0
2023-12-26 03:55:02,340 [WARN] ConditionMgr:1039 - genDependencies : Invalid condition id : LAN8742 Phy interface Condition cause : null
2023-12-26 03:55:02,340 [WARN] ConditionMgr:1039 - genDependencies : Invalid condition id : LAN8742 Phy interface Condition cause : null
2023-12-26 03:55:02,341 [WARN] ConditionMgr:1039 - genDependencies : Invalid condition id : LAN8742 Phy interface Condition cause : null
2023-12-26 03:55:02,347 [WARN] PackLoader:240 - Cannot read IP mode file for STMicroelectronics.X-CUBE-SFXS2LP1.4.0.0
2023-12-26 03:55:02,352 [WARN] PackLoader:240 - Cannot read IP mode file for STMicroelectronics.X-CUBE-ISPU.1.1.0
2023-12-26 03:55:02,363 [WARN] ConditionMgr:438 - getConditionDescription Invalid condition id : UX DEVICE CLASS RTOS Condition cause : null
2023-12-26 03:55:02,363 [WARN] ConditionMgr:438 - getConditionDescription Invalid condition id : UX DEVICE CLASS RTOS Condition cause : null
2023-12-26 03:55:02,365 [WARN] PackLoader:240 - Cannot read IP mode file for STMicroelectronics.X-CUBE-AZRTOS-WB.2.0.0
2023-12-26 03:55:02,365 [WARN] ConditionMgr:1039 - genDependencies : Invalid condition id : UX DEVICE CLASS RTOS Condition cause : null
2023-12-26 03:55:02,366 [WARN] ConditionMgr:1039 - genDependencies : Invalid condition id : UX DEVICE CLASS RTOS Condition cause : null
2023-12-26 03:55:02,366 [WARN] ConditionMgr:1039 - genDependencies : Invalid condition id : UX DEVICE CLASS RTOS Condition cause : null
2023-12-26 03:55:02,366 [WARN] ConditionMgr:1039 - genDependencies : Invalid condition id : UX DEVICE CLASS RTOS Condition cause : null
2023-12-26 03:55:02,366 [WARN] ConditionMgr:1039 - genDependencies : Invalid condition id : UX DEVICE CLASS RTOS Condition cause : null
2023-12-26 03:55:02,380 [WARN] PackLoader:240 - Cannot read IP mode file for STMicroelectronics.X-CUBE-SUBG2.5.0.0
2023-12-26 03:55:02,392 [WARN] PackLoader:240 - Cannot read IP mode file for STMicroelectronics.X-CUBE-TOF1.3.3.1
2023-12-26 03:55:02,411 [WARN] PackLoader:240 - Cannot read IP mode file for STMicroelectronics.X-CUBE-AZRTOS-G4.2.0.0
2023-12-26 03:55:02,422 [WARN] PackLoader:240 - Cannot read IP mode file for Infineon.AIROC-Wi-Fi-Bluetooth-STM32.1.5.1
2023-12-26 03:55:02,429 [WARN] PackLoader:240 - Cannot read IP mode file for STMicroelectronics.FP-SNS-MOTENVWB1.1.3.0
2023-12-26 03:55:02,433 [WARN] PackLoader:240 - Cannot read IP mode file for STMicroelectronics.FP-SNS-MOTENVWB1.1.3.1
2023-12-26 03:55:02,436 [WARN] PackLoader:240 - Cannot read IP mode file for STMicroelectronics.X-CUBE-ISPU.2.0.0
2023-12-26 03:55:02,468 [WARN] PackLoader:240 - Cannot read IP mode file for STMicroelectronics.X-CUBE-MEMS1.10.0.0
2023-12-26 03:55:02,578 [WARN] PackLoader:240 - Cannot read IP mode file for STMicroelectronics.X-CUBE-FREERTOS.1.1.0
2023-12-26 03:55:02,583 [WARN] PackLoader:240 - Cannot read IP mode file for portGmbH.I-Cube-SoM-uGOAL.1.1.0
2023-12-26 03:55:02,588 [WARN] PackLoader:240 - Cannot read IP mode file for STMicroelectronics.X-CUBE-ALS.1.0.1
2023-12-26 03:55:02,592 [WARN] PackLoader:240 - Cannot read IP mode file for STMicroelectronics.FP-ATR-ASTRA1.2.0.0
2023-12-26 03:55:02,600 [WARN] PackLoader:240 - Cannot read IP mode file for STMicroelectronics.X-CUBE-TOF1.3.4.0
2023-12-26 03:55:02,624 [WARN] PackLoader:240 - Cannot read IP mode file for STMicroelectronics.X-CUBE-AZRTOS-H7.3.2.0
2023-12-26 03:55:02,627 [INFO] ThirdParty:978 - Integrity check success = true
2023-12-26 03:55:02,627 [INFO] IntegrityCheckThread:100 - exiting critical section [integrity check]
2023-12-26 03:55:02,628 [INFO] IntegrityCheckThread:103 - End integrity checks thread
2023-12-26 03:55:21,890 [ERROR] LogOutputStream:75 - [STDERR_REDIRECT] SLF4J: Failed to load class "org.slf4j.impl.StaticLoggerBinder".
2023-12-26 03:55:21,890 [ERROR] LogOutputStream:75 - [STDERR_REDIRECT] SLF4J: Defaulting to no-operation (NOP) logger implementation
2023-12-26 03:55:21,892 [ERROR] LogOutputStream:75 - [STDERR_REDIRECT] SLF4J: See http://www.slf4j.org/codes.html#StaticLoggerBinder for further details.
2023-12-26 03:56:44,840 [INFO] McuFinderGlobals:63 - Set McuFinder mode to 2 (CubeIDE integrated)
2023-12-26 03:56:44,842 [INFO] MainUpdater:2868 - connection check result : 10
2023-12-26 03:56:45,089 [INFO] ApiDb:581 - Connected to CubeFinder SQLite database (C:\Users\tejas\.stmcufinder\plugins\mcufinder\mcu\cube-finder-db.db)
2023-12-26 03:56:45,143 [INFO] ApiDb:668 - CubeFinder database Data Model version=2.1
2023-12-26 03:56:45,144 [INFO] ApiDb:669 - CubeFinder database Configuration version=3.0.39
2023-12-26 03:56:45,144 [INFO] ApiDb:670 - CubeFinder database generation date=2023-12-08 (1702028721)
2023-12-26 03:56:45,144 [INFO] ApiDb:671 - CubeFinder database FW Pack versions=[FP-ATR-ASTRA1_V2.0.0, FP-SNS-FLIGHT1_V5.0.1, FP-SNS-FLIGHT1_V5.0.2, FP-SNS-MOTENV1_V4.3.1, FP-SNS-MOTENV1_V4.3.2, FP-SNS-MOTENVWB1_V1.3.1, FP-SNS-SMARTAG2_V1.2.0, STM32Cube_FW_C0_V1.1.0, STM32Cube_FW_F4_V1.28.0, STM32Cube_FW_F7_V1.17.0, STM32Cube_FW_G0_V1.6.1, STM32Cube_FW_G4_V1.5.1, STM32Cube_FW_H5_V0.5.1, STM32Cube_FW_H5_V1.1.1, STM32Cube_FW_H5_V1.2.0RC2, STM32Cube_FW_H7_V1.11.0, STM32Cube_FW_L0_V1.12.2, STM32Cube_FW_L5_V1.5.0, STM32Cube_FW_U5_V1.3.0RC4, STM32Cube_FW_U5_V1.4.0, STM32Cube_FW_WBA_V1.0.0RC1, STM32Cube_FW_WBA_V1.1.0RC1, STM32Cube_FW_WBA_V1.2.0, STM32Cube_FW_WBA_V1.2.0RC2, STM32Cube_FW_WB_V1.15.0RC1, STM32Cube_FW_WB_V1.16.0, STM32Cube_FW_WB_V1.16.0RC2, STM32Cube_FW_WB_V1.18.0, STM32Cube_FW_WL_V1.3.0, X-CUBE-ALGOBUILD_V1.3.0, X-CUBE-ALS_V1.0.1, X-CUBE-AZRTOS-F4_V1.1.0, X-CUBE-AZRTOS-F7_V1.1.0, X-CUBE-AZRTOS-G0_V1.1.0, X-CUBE-AZRTOS-G4_V2.0.0, X-CUBE-AZRTOS-H7_V3.1.0, X-CUBE-AZRTOS-L4_V1.0.0, X-CUBE-AZRTOS-L4_V2.0.0, X-CUBE-AZRTOS-L5_V1.1.0, X-CUBE-AZRTOS-WB_V2.0.0, X-CUBE-AZRTOS-WL_V2.0.0, X-CUBE-BLE1_V7.0.0, X-CUBE-BLE2_V3.3.0, X-CUBE-BLEMGR_V3.0.0, X-CUBE-EEPRMA1_V4.1.0, X-CUBE-EEPRMA1_V4.2.0, X-CUBE-FREERTOS_V1.1.0, X-CUBE-GNSS1_V6.0.0, X-CUBE-MEMS1_V10.0.0, X-CUBE-MEMS1_V9.1.0, X-CUBE-MEMS1_V9.4.0, X-CUBE-MEMS1_V9.6.0, X-CUBE-NFC4_V3.0.0, X-CUBE-NFC7_V1.0.1, X-CUBE-SFXS2LP1_V4.0.0, X-CUBE-SUBG2_V5.0.0, X-CUBE-TOF1_V3.4.0]
2023-12-26 03:56:45,198 [INFO] DbBoardsSqlite:226 - include board P-NUCLEO-WB55-NUCLEO as a kit item of type 'Nucleo-64'
2023-12-26 03:56:45,198 [INFO] DbBoardsSqlite:226 - include board P-NUCLEO-WB55-USBDONGLE as a kit item of type 'Nucleo USB Dongle'
2023-12-26 03:56:45,198 [INFO] DbBoardsSqlite:226 - include board STEVAL-IDP005V1 as a kit item of type 'Evaluation Board'
2023-12-26 03:56:45,199 [INFO] DbBoardsSqlite:226 - include board STEVAL-IDP005V2 as a kit item of type 'Evaluation Board'
2023-12-26 03:56:45,245 [INFO] ApiDb:240 - Found 323 in-development CPN: [B-G473E-ZEST1S, B-WB1M-WPAN1, B-WL5M-SUBG1, NUCLEO-C031C6, NUCLEO-H503RB, NUCLEO-H563ZI, NUCLEO-U545RE-Q, NUCLEO-U5A5ZJ-Q, NUCLEO-WBA52CG, STEVAL-PROTEUS1, STEVAL-SMARTAG2, STEVAL-STWINBX1, STM320518-EVAL, STM32C0116-DK, STM32C011D6Y3TR, STM32C011D6Y6TR, STM32C011F4P3, STM32C011F4P6, STM32C011F4U3, STM32C011F4U6TR, STM32C011F6P3, STM32C011F6P6, STM32C011F6U3, STM32C011F6U6TR, STM32C011J4M3, STM32C011J4M6, STM32C011J6M3, STM32C011J6M6, STM32C0316-DK, STM32C031C4T3, STM32C031C4T6, STM32C031C4U3, STM32C031C4U6, STM32C031C6T3, STM32C031C6T6, STM32C031C6U3, STM32C031C6U6, STM32C031F4P3, STM32C031F4P6, STM32C031F6P3, STM32C031F6P6, STM32C031G4U3, STM32C031G4U6, STM32C031G6U3, STM32C031G6U6, STM32C031K4T3, STM32C031K4T6, STM32C031K4U3, STM32C031K4U6, STM32C031K6T3, STM32C031K6T6, STM32C031K6U3, STM32C031K6U6, STM32G071K8TXN, STM32G071K8UXN, STM32G081GBU6N, STM32G081KBT6N, STM32G081KBUXN, STM32G0B1CCT6N, STM32G0B1KCT6, STM32G0B1NEY6TR, STM32G0B1RCT6N, STM32G0C1CCT6, STM32G0C1CCT6N, STM32G0C1CCU6N, STM32G0C1CET6N, STM32G0C1CEU6N, STM32G0C1KCT6, STM32G0C1NEY6TR, STM32G0C1RCI6N, STM32G0C1RCT6N, STM32G0C1REI6N, STM32G0C1RET6N, STM32G0C1VCI6, STM32G0C1VEI6, STM32G471CCT6, STM32G471CCU6, STM32G471CET3, STM32G471CET6, STM32G471CEU3, STM32G471CEU6, STM32G471MCT6, STM32G471MET3, STM32G471MET6, STM32G471MEY6TR, STM32G471QCT6, STM32G471QET3, STM32G471RCT6, STM32G471RET3, STM32G471RET6, STM32G471VCH6, STM32G471VCI6, STM32G471VCT6, STM32G471VEH3, STM32G471VEH6, STM32G471VEI3, STM32G471VEI6, STM32G471VET3, STM32G471VET6, STM32G474CCT6, STM32H503CBT6, STM32H503CBU6, STM32H503EBY6TR, STM32H503KBU6, STM32H503RBT6, STM32H562AGI6, STM32H562AII6, STM32H562IGK6, STM32H562IGT6, STM32H562IIK6, STM32H562IIT6, STM32H562RGT6, STM32H562RGV6, STM32H562RIT6, STM32H562RIV6, STM32H562VGT6, STM32H562VIT6, STM32H562ZGT6, STM32H562ZIT6, STM32H563AGI6, STM32H563AII3Q, STM32H563AII6, STM32H563IGK6, STM32H563IGT6, STM32H563IIK3Q, STM32H563IIK6, STM32H563IIT3Q, STM32H563IIT6, STM32H563MIY3QTR, STM32H563RGT6, STM32H563RGV6, STM32H563RIT6, STM32H563RIV6, STM32H563VGT6, STM32H563VIT3Q, STM32H563VIT6, STM32H563ZGT6, STM32H563ZIT3Q, STM32H563ZIT6, STM32H573AII3Q, STM32H573AII6, STM32H573I-DK, STM32H573IIK3Q, STM32H573IIK6, STM32H573IIT3Q, STM32H573IIT6, STM32H573MIY3QTR, STM32H573RIT6, STM32H573RIV6, STM32H573VIT3Q, STM32H573VIT6, STM32H573ZIT3Q, STM32H573ZIT6, STM32L4R5QGI6STR, STM32MP131AAE3, STM32MP131AAF3, STM32MP131AAG3, STM32MP131CAE3, STM32MP131CAF3, STM32MP131CAG3, STM32MP131DAE7, STM32MP131DAF7, STM32MP131DAG7, STM32MP131FAE7, STM32MP131FAF7, STM32MP131FAG7, STM32MP133AAE3, STM32MP133AAF3, STM32MP133AAG3, STM32MP133CAE3, STM32MP133CAF3, STM32MP133CAG3, STM32MP133DAE7, STM32MP133DAF7, STM32MP133DAG7, STM32MP133FAE7, STM32MP133FAF7, STM32MP133FAG7, STM32MP135AAE3, STM32MP135AAF3, STM32MP135AAG3, STM32MP135CAE3, STM32MP135CAF3, STM32MP135CAG3, STM32MP135DAE7, STM32MP135DAF7, STM32MP135DAG7, STM32MP135F-DK, STM32MP135FAE7, STM32MP135FAF7, STM32MP135FAF7T, STM32MP135FAF7U, STM32MP135FAG7, STM32U535CBT6, STM32U535CBT6Q, STM32U535CBU6, STM32U535CBU6Q, STM32U535CCT6, STM32U535CCT6Q, STM32U535CCU6, STM32U535CCU6Q, STM32U535CET6, STM32U535CET6Q, STM32U535CEU6, STM32U535CEU6Q, STM32U535JEY6QTR, STM32U535NCY6QTR, STM32U535NEY6QTR, STM32U535RBI6, STM32U535RBI6Q, STM32U535RBT6, STM32U535RBT6Q, STM32U535RCI6, STM32U535RCI6Q, STM32U535RCT6, STM32U535RCT6Q, STM32U535REI6, STM32U535REI6Q, STM32U535RET6, STM32U535RET6Q, STM32U535VCI6, STM32U535VCI6Q, STM32U535VCT6, STM32U535VCT6Q, STM32U535VEI6, STM32U535VEI6Q, STM32U535VET6, STM32U535VET6Q, STM32U545CET6, STM32U545CET6Q, STM32U545CEU6, STM32U545CEU6Q, STM32U545JEY6QTR, STM32U545NEY6QTR, STM32U545REI6, STM32U545REI6Q, STM32U545RET6, STM32U545RET6Q, STM32U545VEI6, STM32U545VEI6Q, STM32U545VET6, STM32U545VET6Q, STM32U595AIH6, STM32U595AIH6Q, STM32U595AJH6, STM32U595AJH6Q, STM32U595QII6, STM32U595QII6Q, STM32U595QJI6, STM32U595QJI6Q, STM32U595RIT6, STM32U595RIT6Q, STM32U595RJT6, STM32U595RJT6Q, STM32U595VIT6, STM32U595VIT6Q, STM32U595VJT6, STM32U595VJT6Q, STM32U595ZIT6, STM32U595ZIT6Q, STM32U595ZIY6QTR, STM32U595ZJT6, STM32U595ZJT6Q, STM32U595ZJY6QTR, STM32U599BJY6QTR, STM32U599NIH6Q, STM32U599NJH6Q, STM32U599VIT6Q, STM32U599VJT6, STM32U599VJT6Q, STM32U599ZIT6Q, STM32U599ZIY6QTR, STM32U599ZJT6Q, STM32U599ZJY6QTR, STM32U5A5AJH6, STM32U5A5AJH6Q, STM32U5A5QJI6, STM32U5A5QJI6Q, STM32U5A5RJT6, STM32U5A5RJT6Q, STM32U5A5VJT6, STM32U5A5VJT6Q, STM32U5A5ZJT6, STM32U5A5ZJT6Q, STM32U5A5ZJY6QTR, STM32U5A9BJY6QTR, STM32U5A9J-DK, STM32U5A9NJH6Q, STM32U5A9VJT6Q, STM32U5A9ZJT6Q, STM32U5A9ZJY6QTR, STM32U5F7VIT6, STM32U5F7VIT6Q, STM32U5F7VJT6, STM32U5F7VJT6Q, STM32U5F9BJY6QTR, STM32U5F9NJH6Q, STM32U5F9VIT6Q, STM32U5F9VJT6Q, STM32U5F9ZIJ6QTR, STM32U5F9ZIT6Q, STM32U5F9ZJJ6QTR, STM32U5F9ZJT6Q, STM32U5G7VJT6, STM32U5G7VJT6Q, STM32U5G9BJY6QTR, STM32U5G9J-DK1, STM32U5G9J-DK2, STM32U5G9NJH6Q, STM32U5G9VJT6Q, STM32U5G9ZJJ6QTR, STM32U5G9ZJT6Q, STM32WB1MMCH6, STM32WBA52CEU6, STM32WBA52CEU6T, STM32WBA52CGU6, STM32WBA52CGU6T, STM32WBA52KEU6, STM32WBA52KEU6T, STM32WBA52KGU6, STM32WBA52KGU6T, STM32WL5MOCH6, STM32WL5MOCH6TR]
2023-12-26 03:56:45,248 [INFO] ApiDb:668 - CubeFinder database Data Model version=2.1
2023-12-26 03:56:45,249 [INFO] ApiDb:669 - CubeFinder database Configuration version=3.0.39
2023-12-26 03:56:45,249 [INFO] ApiDb:670 - CubeFinder database generation date=2023-12-08 (1702028721)
2023-12-26 03:56:45,249 [INFO] ApiDb:671 - CubeFinder database FW Pack versions=[FP-ATR-ASTRA1_V2.0.0, FP-SNS-FLIGHT1_V5.0.1, FP-SNS-FLIGHT1_V5.0.2, FP-SNS-MOTENV1_V4.3.1, FP-SNS-MOTENV1_V4.3.2, FP-SNS-MOTENVWB1_V1.3.1, FP-SNS-SMARTAG2_V1.2.0, STM32Cube_FW_C0_V1.1.0, STM32Cube_FW_F4_V1.28.0, STM32Cube_FW_F7_V1.17.0, STM32Cube_FW_G0_V1.6.1, STM32Cube_FW_G4_V1.5.1, STM32Cube_FW_H5_V0.5.1, STM32Cube_FW_H5_V1.1.1, STM32Cube_FW_H5_V1.2.0RC2, STM32Cube_FW_H7_V1.11.0, STM32Cube_FW_L0_V1.12.2, STM32Cube_FW_L5_V1.5.0, STM32Cube_FW_U5_V1.3.0RC4, STM32Cube_FW_U5_V1.4.0, STM32Cube_FW_WBA_V1.0.0RC1, STM32Cube_FW_WBA_V1.1.0RC1, STM32Cube_FW_WBA_V1.2.0, STM32Cube_FW_WBA_V1.2.0RC2, STM32Cube_FW_WB_V1.15.0RC1, STM32Cube_FW_WB_V1.16.0, STM32Cube_FW_WB_V1.16.0RC2, STM32Cube_FW_WB_V1.18.0, STM32Cube_FW_WL_V1.3.0, X-CUBE-ALGOBUILD_V1.3.0, X-CUBE-ALS_V1.0.1, X-CUBE-AZRTOS-F4_V1.1.0, X-CUBE-AZRTOS-F7_V1.1.0, X-CUBE-AZRTOS-G0_V1.1.0, X-CUBE-AZRTOS-G4_V2.0.0, X-CUBE-AZRTOS-H7_V3.1.0, X-CUBE-AZRTOS-L4_V1.0.0, X-CUBE-AZRTOS-L4_V2.0.0, X-CUBE-AZRTOS-L5_V1.1.0, X-CUBE-AZRTOS-WB_V2.0.0, X-CUBE-AZRTOS-WL_V2.0.0, X-CUBE-BLE1_V7.0.0, X-CUBE-BLE2_V3.3.0, X-CUBE-BLEMGR_V3.0.0, X-CUBE-EEPRMA1_V4.1.0, X-CUBE-EEPRMA1_V4.2.0, X-CUBE-FREERTOS_V1.1.0, X-CUBE-GNSS1_V6.0.0, X-CUBE-MEMS1_V10.0.0, X-CUBE-MEMS1_V9.1.0, X-CUBE-MEMS1_V9.4.0, X-CUBE-MEMS1_V9.6.0, X-CUBE-NFC4_V3.0.0, X-CUBE-NFC7_V1.0.1, X-CUBE-SFXS2LP1_V4.0.0, X-CUBE-SUBG2_V5.0.0, X-CUBE-TOF1_V3.4.0]
2023-12-26 03:56:46,785 [INFO] ApiDb:240 - Found 323 in-development CPN: [B-G473E-ZEST1S, B-WB1M-WPAN1, B-WL5M-SUBG1, NUCLEO-C031C6, NUCLEO-H503RB, NUCLEO-H563ZI, NUCLEO-U545RE-Q, NUCLEO-U5A5ZJ-Q, NUCLEO-WBA52CG, STEVAL-PROTEUS1, STEVAL-SMARTAG2, STEVAL-STWINBX1, STM320518-EVAL, STM32C0116-DK, STM32C011D6Y3TR, STM32C011D6Y6TR, STM32C011F4P3, STM32C011F4P6, STM32C011F4U3, STM32C011F4U6TR, STM32C011F6P3, STM32C011F6P6, STM32C011F6U3, STM32C011F6U6TR, STM32C011J4M3, STM32C011J4M6, STM32C011J6M3, STM32C011J6M6, STM32C0316-DK, STM32C031C4T3, STM32C031C4T6, STM32C031C4U3, STM32C031C4U6, STM32C031C6T3, STM32C031C6T6, STM32C031C6U3, STM32C031C6U6, STM32C031F4P3, STM32C031F4P6, STM32C031F6P3, STM32C031F6P6, STM32C031G4U3, STM32C031G4U6, STM32C031G6U3, STM32C031G6U6, STM32C031K4T3, STM32C031K4T6, STM32C031K4U3, STM32C031K4U6, STM32C031K6T3, STM32C031K6T6, STM32C031K6U3, STM32C031K6U6, STM32G071K8TXN, STM32G071K8UXN, STM32G081GBU6N, STM32G081KBT6N, STM32G081KBUXN, STM32G0B1CCT6N, STM32G0B1KCT6, STM32G0B1NEY6TR, STM32G0B1RCT6N, STM32G0C1CCT6, STM32G0C1CCT6N, STM32G0C1CCU6N, STM32G0C1CET6N, STM32G0C1CEU6N, STM32G0C1KCT6, STM32G0C1NEY6TR, STM32G0C1RCI6N, STM32G0C1RCT6N, STM32G0C1REI6N, STM32G0C1RET6N, STM32G0C1VCI6, STM32G0C1VEI6, STM32G471CCT6, STM32G471CCU6, STM32G471CET3, STM32G471CET6, STM32G471CEU3, STM32G471CEU6, STM32G471MCT6, STM32G471MET3, STM32G471MET6, STM32G471MEY6TR, STM32G471QCT6, STM32G471QET3, STM32G471RCT6, STM32G471RET3, STM32G471RET6, STM32G471VCH6, STM32G471VCI6, STM32G471VCT6, STM32G471VEH3, STM32G471VEH6, STM32G471VEI3, STM32G471VEI6, STM32G471VET3, STM32G471VET6, STM32G474CCT6, STM32H503CBT6, STM32H503CBU6, STM32H503EBY6TR, STM32H503KBU6, STM32H503RBT6, STM32H562AGI6, STM32H562AII6, STM32H562IGK6, STM32H562IGT6, STM32H562IIK6, STM32H562IIT6, STM32H562RGT6, STM32H562RGV6, STM32H562RIT6, STM32H562RIV6, STM32H562VGT6, STM32H562VIT6, STM32H562ZGT6, STM32H562ZIT6, STM32H563AGI6, STM32H563AII3Q, STM32H563AII6, STM32H563IGK6, STM32H563IGT6, STM32H563IIK3Q, STM32H563IIK6, STM32H563IIT3Q, STM32H563IIT6, STM32H563MIY3QTR, STM32H563RGT6, STM32H563RGV6, STM32H563RIT6, STM32H563RIV6, STM32H563VGT6, STM32H563VIT3Q, STM32H563VIT6, STM32H563ZGT6, STM32H563ZIT3Q, STM32H563ZIT6, STM32H573AII3Q, STM32H573AII6, STM32H573I-DK, STM32H573IIK3Q, STM32H573IIK6, STM32H573IIT3Q, STM32H573IIT6, STM32H573MIY3QTR, STM32H573RIT6, STM32H573RIV6, STM32H573VIT3Q, STM32H573VIT6, STM32H573ZIT3Q, STM32H573ZIT6, STM32L4R5QGI6STR, STM32MP131AAE3, STM32MP131AAF3, STM32MP131AAG3, STM32MP131CAE3, STM32MP131CAF3, STM32MP131CAG3, STM32MP131DAE7, STM32MP131DAF7, STM32MP131DAG7, STM32MP131FAE7, STM32MP131FAF7, STM32MP131FAG7, STM32MP133AAE3, STM32MP133AAF3, STM32MP133AAG3, STM32MP133CAE3, STM32MP133CAF3, STM32MP133CAG3, STM32MP133DAE7, STM32MP133DAF7, STM32MP133DAG7, STM32MP133FAE7, STM32MP133FAF7, STM32MP133FAG7, STM32MP135AAE3, STM32MP135AAF3, STM32MP135AAG3, STM32MP135CAE3, STM32MP135CAF3, STM32MP135CAG3, STM32MP135DAE7, STM32MP135DAF7, STM32MP135DAG7, STM32MP135F-DK, STM32MP135FAE7, STM32MP135FAF7, STM32MP135FAF7T, STM32MP135FAF7U, STM32MP135FAG7, STM32U535CBT6, STM32U535CBT6Q, STM32U535CBU6, STM32U535CBU6Q, STM32U535CCT6, STM32U535CCT6Q, STM32U535CCU6, STM32U535CCU6Q, STM32U535CET6, STM32U535CET6Q, STM32U535CEU6, STM32U535CEU6Q, STM32U535JEY6QTR, STM32U535NCY6QTR, STM32U535NEY6QTR, STM32U535RBI6, STM32U535RBI6Q, STM32U535RBT6, STM32U535RBT6Q, STM32U535RCI6, STM32U535RCI6Q, STM32U535RCT6, STM32U535RCT6Q, STM32U535REI6, STM32U535REI6Q, STM32U535RET6, STM32U535RET6Q, STM32U535VCI6, STM32U535VCI6Q, STM32U535VCT6, STM32U535VCT6Q, STM32U535VEI6, STM32U535VEI6Q, STM32U535VET6, STM32U535VET6Q, STM32U545CET6, STM32U545CET6Q, STM32U545CEU6, STM32U545CEU6Q, STM32U545JEY6QTR, STM32U545NEY6QTR, STM32U545REI6, STM32U545REI6Q, STM32U545RET6, STM32U545RET6Q, STM32U545VEI6, STM32U545VEI6Q, STM32U545VET6, STM32U545VET6Q, STM32U595AIH6, STM32U595AIH6Q, STM32U595AJH6, STM32U595AJH6Q, STM32U595QII6, STM32U595QII6Q, STM32U595QJI6, STM32U595QJI6Q, STM32U595RIT6, STM32U595RIT6Q, STM32U595RJT6, STM32U595RJT6Q, STM32U595VIT6, STM32U595VIT6Q, STM32U595VJT6, STM32U595VJT6Q, STM32U595ZIT6, STM32U595ZIT6Q, STM32U595ZIY6QTR, STM32U595ZJT6, STM32U595ZJT6Q, STM32U595ZJY6QTR, STM32U599BJY6QTR, STM32U599NIH6Q, STM32U599NJH6Q, STM32U599VIT6Q, STM32U599VJT6, STM32U599VJT6Q, STM32U599ZIT6Q, STM32U599ZIY6QTR, STM32U599ZJT6Q, STM32U599ZJY6QTR, STM32U5A5AJH6, STM32U5A5AJH6Q, STM32U5A5QJI6, STM32U5A5QJI6Q, STM32U5A5RJT6, STM32U5A5RJT6Q, STM32U5A5VJT6, STM32U5A5VJT6Q, STM32U5A5ZJT6, STM32U5A5ZJT6Q, STM32U5A5ZJY6QTR, STM32U5A9BJY6QTR, STM32U5A9J-DK, STM32U5A9NJH6Q, STM32U5A9VJT6Q, STM32U5A9ZJT6Q, STM32U5A9ZJY6QTR, STM32U5F7VIT6, STM32U5F7VIT6Q, STM32U5F7VJT6, STM32U5F7VJT6Q, STM32U5F9BJY6QTR, STM32U5F9NJH6Q, STM32U5F9VIT6Q, STM32U5F9VJT6Q, STM32U5F9ZIJ6QTR, STM32U5F9ZIT6Q, STM32U5F9ZJJ6QTR, STM32U5F9ZJT6Q, STM32U5G7VJT6, STM32U5G7VJT6Q, STM32U5G9BJY6QTR, STM32U5G9J-DK1, STM32U5G9J-DK2, STM32U5G9NJH6Q, STM32U5G9VJT6Q, STM32U5G9ZJJ6QTR, STM32U5G9ZJT6Q, STM32WB1MMCH6, STM32WBA52CEU6, STM32WBA52CEU6T, STM32WBA52CGU6, STM32WBA52CGU6T, STM32WBA52KEU6, STM32WBA52KEU6T, STM32WBA52KGU6, STM32WBA52KGU6T, STM32WL5MOCH6, STM32WL5MOCH6TR]
2023-12-26 03:56:46,789 [INFO] DbMcus:217 - Found 3882 MCUs, 3882 are supported
2023-12-26 03:56:46,789 [INFO] ApiDb:423 - Load user favorites file C:\Users\tejas/.stm32cubeide/favorites.mcus.txt: 0 item(s)
2023-12-26 03:56:46,789 [INFO] ApiDb:427 - User favorites MCUs=[]
2023-12-26 03:56:46,789 [INFO] DbMcus:223 - Set 0 / 0 favorites MCUs
2023-12-26 03:56:47,037 [INFO] BoardInfo:880 - No configuration file found for board P-NUCLEO-WB55
2023-12-26 03:56:47,037 [INFO] DbBoards:157 - Kit is not supported: P-NUCLEO-WB55
2023-12-26 03:56:47,040 [INFO] BoardInfo:880 - No configuration file found for board STEVAL-BFA001V1B
2023-12-26 03:56:47,040 [INFO] DbBoards:157 - Kit is not supported: STEVAL-BFA001V1B
2023-12-26 03:56:47,041 [INFO] BoardInfo:880 - No configuration file found for board STEVAL-BFA001V2B
2023-12-26 03:56:47,041 [INFO] DbBoards:157 - Kit is not supported: STEVAL-BFA001V2B
2023-12-26 03:56:47,043 [INFO] BoardInfo:880 - No configuration file found for board STEVAL-MKBOXPRO
2023-12-26 03:56:47,043 [INFO] DbBoards:157 - Board is not supported: STEVAL-MKBOXPRO
2023-12-26 03:56:47,124 [INFO] DbBoards:161 - Found 191 boards, 187 are supported
2023-12-26 03:56:47,126 [INFO] ApiDb:423 - Load user favorites file C:\Users\tejas/.stm32cubeide/favorites.boards.txt: 0 item(s)
2023-12-26 03:56:47,127 [INFO] ApiDb:427 - User favorites Boards=[]
2023-12-26 03:56:47,127 [INFO] DbBoards:190 - Set 0 / 0 favorites Boards
2023-12-26 03:56:47,127 [INFO] McuFinderGlobals:76 - Set McuFinderConnectedMode to true
2023-12-26 03:56:47,131 [INFO] MultiScanPanel:200 - Auto-refresh data requested => check proxy status ongoing
2023-12-26 03:56:47,134 [INFO] FinderPluginLoader:95 - Searching for filters in installed packs
2023-12-26 03:56:48,189 [INFO] LoadUrlFilesThread:185 - End of LoadServerUrlFiles without Thread
2023-12-26 03:56:48,215 [INFO] DetailPanel:341 - Set advertising image to C:/Users/tejas/STM32Cube/Repository/\en.prom-stm32wl3-mcu-finder.jpg
2023-12-26 03:58:17,958 [INFO] McuFinderGlobals:76 - Set McuFinderConnectedMode to true
2023-12-26 03:58:17,961 [INFO] ApiDb:448 - Save user favorites file C:\Users\tejas/.stm32cubeide/favorites.mcus.txt: 0 item(s)
2023-12-26 03:58:17,961 [INFO] ApiDb:452 - User favorites MCUs=[]
2023-12-26 05:30:04,873 [INFO] WebApp:330 - JxBrowser engine has been closed 
2023-12-26 05:30:09,529 [ERROR] LogOutputStream:75 - [STDERR_REDIRECT] 
2023-12-26 16:26:31,265 [INFO] Activator:176 - 


2023-12-26 16:26:31,267 [INFO] Activator:177 - !SESSION log4j initialized
2023-12-26 16:26:38,181 [INFO] LogOutputStream:77 - [STDOUT_REDIRECT] 
2023-12-26 16:26:44,010 [INFO] ApplicationProperties:184 - Using Application install path: C:\ST\STM32CubeIDE_1.13.2\STM32CubeIDE\plugins\com.st.stm32cube.common.mx_6.9.2.202309101412
2023-12-26 16:26:44,025 [INFO] DbMcusXml:78 - Set database path to: C:\ST\STM32CubeIDE_1.13.2\STM32CubeIDE\plugins\com.st.stm32cube.common.mx_6.9.2.202309101412\\db\/mcu/
2023-12-26 16:26:44,025 [INFO] ApiDb:274 - Set plugin database path to: C:\ST\STM32CubeIDE_1.13.2\STM32CubeIDE\plugins\com.st.stm32cube.common.mx_6.9.2.202309101412\\db\/plugins/boardmanager/
2023-12-26 16:26:44,026 [WARN] ApiDb:259 - Overriding images path with different value:  => C:\ST\STM32CubeIDE_1.13.2\STM32CubeIDE\plugins\com.st.stm32cube.common.mx_6.9.2.202309101412\\db\/plugins/mcufinder/images/
2023-12-26 16:26:44,035 [INFO] ApiDb:250 - Set database path to: C:\Users\tejas\.stmcufinder\plugins\mcufinder//mcu/
2023-12-26 16:26:44,036 [INFO] DbMcusAds:125 - Set database path to: C:\Users\tejas\.stmcufinder\plugins\mcufinder//mcu/
2023-12-26 16:26:44,038 [INFO] CrossReferenceDbSqlite:203 - Set database path to: C:\Users\tejas\.stmcufinder\plugins\mcufinder//mcu/cs/
2023-12-26 16:26:44,134 [INFO] RulesReader:64 - Compatibility file has been processed (293 Rules)
2023-12-26 16:26:44,203 [INFO] DbMcusXml:78 - Set database path to: C:\ST\STM32CubeIDE_1.13.2\STM32CubeIDE\plugins\com.st.stm32cube.common.mx_6.9.2.202309101412\\db\/mcu/
2023-12-26 16:26:44,203 [INFO] ApiDb:274 - Set plugin database path to: C:\ST\STM32CubeIDE_1.13.2\STM32CubeIDE\plugins\com.st.stm32cube.common.mx_6.9.2.202309101412\\db\/plugins/boardmanager/
2023-12-26 16:26:44,203 [INFO] ApiDb:261 - Set plugin images path to: C:\ST\STM32CubeIDE_1.13.2\STM32CubeIDE\plugins\com.st.stm32cube.common.mx_6.9.2.202309101412\\db\/plugins/mcufinder/images/
2023-12-26 16:26:44,204 [WARN] DbFile:41 - Overriding database path with different value: C:\Users\tejas\.stmcufinder\plugins\mcufinder/ => C:\Users\tejas\.stmcufinder\plugins\mcufinder
2023-12-26 16:26:44,204 [INFO] ApiDb:250 - Set database path to: C:\Users\tejas\.stmcufinder\plugins\mcufinder//mcu/
2023-12-26 16:26:44,204 [WARN] DbFile:41 - Overriding database path with different value: C:\Users\tejas\.stmcufinder\plugins\mcufinder/ => C:\Users\tejas\.stmcufinder\plugins\mcufinder
2023-12-26 16:26:44,204 [INFO] DbMcusAds:125 - Set database path to: C:\Users\tejas\.stmcufinder\plugins\mcufinder//mcu/
2023-12-26 16:26:44,204 [WARN] DbFile:41 - Overriding database path with different value: C:\Users\tejas\.stmcufinder\plugins\mcufinder/ => C:\Users\tejas\.stmcufinder\plugins\mcufinder
2023-12-26 16:26:44,204 [WARN] DbFile:41 - Overriding database path with different value: C:\Users\tejas\.stmcufinder\plugins\mcufinder/ => C:\Users\tejas\.stmcufinder\plugins\mcufinder
2023-12-26 16:26:44,204 [INFO] CrossReferenceDbSqlite:203 - Set database path to: C:\Users\tejas\.stmcufinder\plugins\mcufinder//mcu/cs/
2023-12-26 16:26:44,268 [INFO] MainPanel:262 - HeapMemory: 268435456
2023-12-26 16:26:44,346 [INFO] DbMcusXml:78 - Set database path to: C:\ST\STM32CubeIDE_1.13.2\STM32CubeIDE\plugins\com.st.stm32cube.common.mx_6.9.2.202309101412\\db\/mcu/
2023-12-26 16:26:44,346 [INFO] ApiDb:274 - Set plugin database path to: C:\ST\STM32CubeIDE_1.13.2\STM32CubeIDE\plugins\com.st.stm32cube.common.mx_6.9.2.202309101412\\db\/plugins/boardmanager/
2023-12-26 16:26:44,346 [INFO] ApiDb:261 - Set plugin images path to: C:\ST\STM32CubeIDE_1.13.2\STM32CubeIDE\plugins\com.st.stm32cube.common.mx_6.9.2.202309101412\\db\/plugins/mcufinder/images/
2023-12-26 16:26:44,347 [WARN] DbFile:41 - Overriding database path with different value: C:\Users\tejas\.stmcufinder\plugins\mcufinder/ => C:\Users\tejas\.stmcufinder\plugins\mcufinder
2023-12-26 16:26:44,347 [INFO] ApiDb:250 - Set database path to: C:\Users\tejas\.stmcufinder\plugins\mcufinder//mcu/
2023-12-26 16:26:44,347 [WARN] DbFile:41 - Overriding database path with different value: C:\Users\tejas\.stmcufinder\plugins\mcufinder/ => C:\Users\tejas\.stmcufinder\plugins\mcufinder
2023-12-26 16:26:44,347 [INFO] DbMcusAds:125 - Set database path to: C:\Users\tejas\.stmcufinder\plugins\mcufinder//mcu/
2023-12-26 16:26:44,347 [WARN] DbFile:41 - Overriding database path with different value: C:\Users\tejas\.stmcufinder\plugins\mcufinder/ => C:\Users\tejas\.stmcufinder\plugins\mcufinder
2023-12-26 16:26:44,347 [WARN] DbFile:41 - Overriding database path with different value: C:\Users\tejas\.stmcufinder\plugins\mcufinder/ => C:\Users\tejas\.stmcufinder\plugins\mcufinder
2023-12-26 16:26:44,347 [INFO] CrossReferenceDbSqlite:203 - Set database path to: C:\Users\tejas\.stmcufinder\plugins\mcufinder//mcu/cs/
2023-12-26 16:26:44,363 [INFO] ApplicationProperties:184 - Using Application install path: C:\ST\STM32CubeIDE_1.13.2\STM32CubeIDE\plugins\com.st.stm32cube.common.mx_6.9.2.202309101412
2023-12-26 16:26:44,364 [INFO] PluginManage:196 - Search for loadable plugins [exclusion list=, ]
2023-12-26 16:26:44,365 [INFO] PluginManage:310 - Check plugin analytics
2023-12-26 16:26:49,458 [INFO] AnalyticsPlugin:253 - Accepted Software Licenses: 
2023-12-26 16:26:49,458 [INFO] AnalyticsPlugin:255 - Accepted CMSIS Pack Licenses: 
2023-12-26 16:26:49,458 [INFO] AnalyticsPlugin:257 - Accepted Firmware Licenses: 
2023-12-26 16:26:49,474 [INFO] PluginManage:359 - Loaded plugin analytics (category:tool,tabindex:-1)
2023-12-26 16:26:49,474 [INFO] PluginManage:310 - Check plugin cadmodel
2023-12-26 16:26:49,485 [INFO] CADModel:105 - Init CAD model plugin
2023-12-26 16:26:49,485 [INFO] PluginManage:359 - Loaded plugin cadmodel (category:power,tabindex:5)
2023-12-26 16:26:49,485 [INFO] PluginManage:310 - Check plugin clock
2023-12-26 16:26:49,505 [INFO] PluginManage:359 - Loaded plugin clock (category:base,tabindex:2)
2023-12-26 16:26:49,505 [INFO] PluginManage:310 - Check plugin ddr
2023-12-26 16:26:49,505 [INFO] PluginManage:359 - Loaded plugin ddr (category:tool,tabindex:6)
2023-12-26 16:26:49,505 [INFO] PluginManage:310 - Check plugin filemanager
2023-12-26 16:26:49,615 [INFO] PluginManage:359 - Loaded plugin filemanager (category:base,tabindex:10)
2023-12-26 16:26:49,615 [INFO] PluginManage:310 - Check plugin ipmanager
2023-12-26 16:26:49,624 [INFO] PluginManage:359 - Loaded plugin ipmanager (category:base,tabindex:5)
2023-12-26 16:26:49,624 [INFO] PluginManage:310 - Check plugin lpbam
2023-12-26 16:26:49,624 [INFO] PluginManage:359 - Loaded plugin lpbam (category:base,tabindex:0)
2023-12-26 16:26:49,624 [INFO] PluginManage:310 - Check plugin memorymap
2023-12-26 16:26:49,655 [INFO] PluginManage:359 - Loaded plugin memorymap (category:base,tabindex:4)
2023-12-26 16:26:49,655 [INFO] PluginManage:310 - Check plugin pinoutandconfiguration
2023-12-26 16:26:49,671 [INFO] PluginManage:359 - Loaded plugin pinoutandconfiguration (category:base,tabindex:1)
2023-12-26 16:26:49,671 [INFO] PluginManage:310 - Check plugin pinoutconfig
2023-12-26 16:26:49,750 [WARN] SupportedApi:132 - Cannot load RTOS API schema: s4s-elt-must-match.1: The content of 'definitions' must match (annotation?, (simpleType | complexType)?, (unique | key | keyref)*)). A problem was found starting at: attribute.
2023-12-26 16:26:49,844 [INFO] PluginManage:359 - Loaded plugin pinoutconfig (category:base,tabindex:0)
2023-12-26 16:26:49,844 [INFO] PluginManage:310 - Check plugin power
2023-12-26 16:26:49,859 [INFO] PluginManage:359 - Loaded plugin power (category:power,tabindex:4)
2023-12-26 16:26:49,859 [INFO] PluginManage:310 - Check plugin projectmanager
2023-12-26 16:26:49,875 [INFO] PluginManage:359 - Loaded plugin projectmanager (category:projectmanager,tabindex:3)
2023-12-26 16:26:49,875 [INFO] PluginManage:310 - Check plugin thirdparty
2023-12-26 16:26:50,086 [INFO] PluginManage:359 - Loaded plugin thirdparty (category:base,tabindex:-1)
2023-12-26 16:26:50,086 [WARN] IntegrityCheckThread:84 - waiting for thirdparty lock release [integrity check]
2023-12-26 16:26:50,086 [INFO] PluginManage:310 - Check plugin tools
2023-12-26 16:26:50,086 [INFO] IntegrityCheckThread:86 - entering critical section [integrity check]
2023-12-26 16:26:50,086 [INFO] ThirdPartyUpdaterWithRetryManager:70 - Updater plugin not ready yet. [1/15]
2023-12-26 16:26:50,111 [INFO] PluginManage:359 - Loaded plugin tools (category:base,tabindex:7)
2023-12-26 16:26:50,111 [INFO] PluginManage:310 - Check plugin tutovideos
2023-12-26 16:26:50,252 [INFO] PluginManage:359 - Loaded plugin tutovideos (category:base,tabindex:-1)
2023-12-26 16:26:50,252 [INFO] PluginManage:310 - Check plugin updater
2023-12-26 16:26:50,267 [INFO] PluginManage:359 - Loaded plugin updater (category:base,tabindex:12)
2023-12-26 16:26:50,267 [INFO] PluginManage:310 - Check plugin userauth
2023-12-26 16:26:50,267 [INFO] UserAuth:113 - Init User Auth plugin
2023-12-26 16:26:50,267 [INFO] PluginManage:359 - Loaded plugin userauth (category:base,tabindex:14)
2023-12-26 16:26:50,267 [INFO] PluginManage:283 - PluginManage : Loaded plugins [17]
2023-12-26 16:26:50,461 [INFO] PinOutPanel:1499 - setPackage(No Configuration,No Configuration)
2023-12-26 16:26:50,540 [INFO] CADModel:165 - CPN selected for project level
2023-12-26 16:26:50,540 [INFO] CADModel:114 - Register for checkConnection events
2023-12-26 16:26:50,571 [INFO] IPUIPlugin:80 - create IPUIPlugin
2023-12-26 16:26:50,571 [INFO] PluginManager:220 - loadIPPluginJar : add adc
2023-12-26 16:26:50,602 [INFO] IPUIPlugin:80 - create IPUIPlugin
2023-12-26 16:26:50,602 [INFO] PluginManager:220 - loadIPPluginJar : add aes
2023-12-26 16:26:50,618 [INFO] IPUIPlugin:80 - create IPUIPlugin
2023-12-26 16:26:50,634 [INFO] PluginManager:220 - loadIPPluginJar : add can
2023-12-26 16:26:50,649 [INFO] IPUIPlugin:80 - create IPUIPlugin
2023-12-26 16:26:50,649 [INFO] PluginManager:220 - loadIPPluginJar : add comp
2023-12-26 16:26:50,665 [INFO] IPUIPlugin:80 - create IPUIPlugin
2023-12-26 16:26:50,665 [INFO] PluginManager:220 - loadIPPluginJar : add cryp
2023-12-26 16:26:50,697 [INFO] IPUIPlugin:80 - create IPUIPlugin
2023-12-26 16:26:50,697 [INFO] PluginManager:220 - loadIPPluginJar : add dfsdm
2023-12-26 16:26:50,712 [INFO] IPUIPlugin:80 - create IPUIPlugin
2023-12-26 16:26:50,712 [INFO] PluginManager:220 - loadIPPluginJar : add dma
2023-12-26 16:26:50,743 [INFO] IPUIPlugin:80 - create IPUIPlugin
2023-12-26 16:26:50,743 [INFO] PluginManager:220 - loadIPPluginJar : add dma3
2023-12-26 16:26:50,759 [INFO] IPUIPlugin:80 - create IPUIPlugin
2023-12-26 16:26:50,759 [INFO] PluginManager:220 - loadIPPluginJar : add fatfs
2023-12-26 16:26:50,791 [INFO] IPUIPlugin:80 - create IPUIPlugin
2023-12-26 16:26:50,791 [INFO] PluginManager:220 - loadIPPluginJar : add fmc
2023-12-26 16:26:50,806 [INFO] IPUIPlugin:80 - create IPUIPlugin
2023-12-26 16:26:50,806 [INFO] PluginManager:220 - loadIPPluginJar : add freertos
2023-12-26 16:26:50,822 [INFO] IPUIPlugin:80 - create IPUIPlugin
2023-12-26 16:26:50,822 [INFO] PluginManager:220 - loadIPPluginJar : add genericplugin
2023-12-26 16:26:50,888 [INFO] IPUIPlugin:80 - create IPUIPlugin
2023-12-26 16:26:50,888 [INFO] PluginManager:220 - loadIPPluginJar : add gfxmmu
2023-12-26 16:26:50,963 [INFO] IPUIPlugin:80 - create IPUIPlugin
2023-12-26 16:26:50,963 [INFO] PluginManager:220 - loadIPPluginJar : add gic
2023-12-26 16:26:50,979 [INFO] IPUIPlugin:80 - create IPUIPlugin
2023-12-26 16:26:50,979 [INFO] PluginManager:220 - loadIPPluginJar : add gpio
2023-12-26 16:26:51,042 [INFO] IPUIPlugin:80 - create IPUIPlugin
2023-12-26 16:26:51,042 [INFO] PluginManager:220 - loadIPPluginJar : add gtzc
2023-12-26 16:26:51,073 [INFO] IPUIPlugin:80 - create IPUIPlugin
2023-12-26 16:26:51,073 [INFO] PluginManager:220 - loadIPPluginJar : add hash
2023-12-26 16:26:51,104 [INFO] IPUIPlugin:80 - create IPUIPlugin
2023-12-26 16:26:51,104 [INFO] PluginManager:220 - loadIPPluginJar : add i2c
2023-12-26 16:26:51,135 [INFO] IPUIPlugin:80 - create IPUIPlugin
2023-12-26 16:26:51,135 [INFO] PluginManager:220 - loadIPPluginJar : add i2s
2023-12-26 16:26:51,166 [INFO] IPUIPlugin:80 - create IPUIPlugin
2023-12-26 16:26:51,166 [INFO] PluginManager:220 - loadIPPluginJar : add i3c
2023-12-26 16:26:51,245 [INFO] IPUIPlugin:80 - create IPUIPlugin
2023-12-26 16:26:51,245 [INFO] PluginManager:220 - loadIPPluginJar : add ipddr
2023-12-26 16:26:51,308 [INFO] IPUIPlugin:80 - create IPUIPlugin
2023-12-26 16:26:51,308 [INFO] PluginManager:220 - loadIPPluginJar : add linkedlist
2023-12-26 16:26:51,339 [INFO] IPUIPlugin:80 - create IPUIPlugin
2023-12-26 16:26:51,339 [INFO] PluginManager:220 - loadIPPluginJar : add lorawan
2023-12-26 16:26:51,355 [INFO] IPUIPlugin:80 - create IPUIPlugin
2023-12-26 16:26:51,355 [INFO] PluginManager:220 - loadIPPluginJar : add ltdc
2023-12-26 16:26:51,370 [INFO] IPUIPlugin:80 - create IPUIPlugin
2023-12-26 16:26:51,370 [INFO] PluginManager:220 - loadIPPluginJar : add mdma
2023-12-26 16:26:51,370 [INFO] IPUIPlugin:80 - create IPUIPlugin
2023-12-26 16:26:51,386 [INFO] PluginManager:220 - loadIPPluginJar : add nvic
2023-12-26 16:26:51,402 [INFO] IPUIPlugin:80 - create IPUIPlugin
2023-12-26 16:26:51,402 [INFO] PluginManager:220 - loadIPPluginJar : add opamp
2023-12-26 16:26:51,449 [INFO] IPUIPlugin:80 - create IPUIPlugin
2023-12-26 16:26:51,449 [INFO] PluginManager:220 - loadIPPluginJar : add openamp
2023-12-26 16:26:51,465 [INFO] IPUIPlugin:80 - create IPUIPlugin
2023-12-26 16:26:51,465 [INFO] PluginManager:220 - loadIPPluginJar : add pdm2pcm
2023-12-26 16:26:51,489 [INFO] IPUIPlugin:80 - create IPUIPlugin
2023-12-26 16:26:51,489 [INFO] PluginManager:220 - loadIPPluginJar : add plateformsettings
2023-12-26 16:26:51,496 [INFO] IPUIPlugin:80 - create IPUIPlugin
2023-12-26 16:26:51,496 [INFO] PluginManager:220 - loadIPPluginJar : add quadspi
2023-12-26 16:26:51,512 [INFO] IPUIPlugin:80 - create IPUIPlugin
2023-12-26 16:26:51,512 [INFO] PluginManager:220 - loadIPPluginJar : add resmgrutility
2023-12-26 16:26:51,543 [INFO] IPUIPlugin:80 - create IPUIPlugin
2023-12-26 16:26:51,543 [INFO] PluginManager:220 - loadIPPluginJar : add sai
2023-12-26 16:26:51,574 [INFO] IPUIPlugin:80 - create IPUIPlugin
2023-12-26 16:26:51,574 [INFO] PluginManager:220 - loadIPPluginJar : add spi
2023-12-26 16:26:51,606 [INFO] IPUIPlugin:80 - create IPUIPlugin
2023-12-26 16:26:51,606 [INFO] PluginManager:220 - loadIPPluginJar : add stm32_wpan
2023-12-26 16:26:51,622 [INFO] IPUIPlugin:80 - create IPUIPlugin
2023-12-26 16:26:51,622 [INFO] PluginManager:220 - loadIPPluginJar : add tim
2023-12-26 16:26:51,669 [INFO] IPUIPlugin:80 - create IPUIPlugin
2023-12-26 16:26:51,669 [INFO] PluginManager:220 - loadIPPluginJar : add touchsensing
2023-12-26 16:26:51,690 [INFO] IPUIPlugin:80 - create IPUIPlugin
2023-12-26 16:26:51,690 [INFO] PluginManager:220 - loadIPPluginJar : add tracer_emb
2023-12-26 16:26:51,700 [INFO] IPUIPlugin:80 - create IPUIPlugin
2023-12-26 16:26:51,700 [INFO] PluginManager:220 - loadIPPluginJar : add ts
2023-12-26 16:26:51,716 [INFO] IPUIPlugin:80 - create IPUIPlugin
2023-12-26 16:26:51,716 [INFO] PluginManager:220 - loadIPPluginJar : add tsc
2023-12-26 16:26:51,731 [INFO] IPUIPlugin:80 - create IPUIPlugin
2023-12-26 16:26:51,731 [INFO] PluginManager:220 - loadIPPluginJar : add ucpd
2023-12-26 16:26:51,763 [INFO] IPUIPlugin:80 - create IPUIPlugin
2023-12-26 16:26:51,763 [INFO] PluginManager:220 - loadIPPluginJar : add usart
2023-12-26 16:26:51,794 [INFO] IPUIPlugin:80 - create IPUIPlugin
2023-12-26 16:26:51,794 [INFO] PluginManager:220 - loadIPPluginJar : add usbx
2023-12-26 16:26:51,912 [INFO] CADModel:165 - CPN selected for project level
2023-12-26 16:26:51,912 [INFO] CADModel:114 - Register for checkConnection events
2023-12-26 16:26:51,912 [FATAL] Updater:308 - Updater called before beeing initialized
2023-12-26 16:26:51,912 [ERROR] CADModel:125 - Updater not yet initialized, retry later 
2023-12-26 16:26:52,035 [INFO] CADModel:165 - CPN selected for project level
2023-12-26 16:26:52,035 [INFO] CADModel:114 - Register for checkConnection events
2023-12-26 16:26:52,035 [FATAL] Updater:308 - Updater called before beeing initialized
2023-12-26 16:26:52,035 [ERROR] CADModel:125 - Updater not yet initialized, retry later 
2023-12-26 16:26:52,035 [FATAL] Updater:308 - Updater called before beeing initialized
2023-12-26 16:26:52,113 [FATAL] Updater:308 - Updater called before beeing initialized
2023-12-26 16:26:52,113 [INFO] DbMcusAds:53 - JSON generation date=Wed Nov 29 05:52:27 EST 2023 (1701255147349)
2023-12-26 16:26:52,113 [FATAL] Updater:308 - Updater called before beeing initialized
2023-12-26 16:26:52,176 [WARN] DetailPanel:346 - Failed to get advertising image, set to default
2023-12-26 16:26:52,254 [FATAL] Updater:308 - Updater called before beeing initialized
2023-12-26 16:26:52,254 [FATAL] Updater:308 - Updater called before beeing initialized
2023-12-26 16:26:52,269 [FATAL] Updater:308 - Updater called before beeing initialized
2023-12-26 16:26:52,269 [WARN] DetailPanel:346 - Failed to get advertising image, set to default
2023-12-26 16:26:52,269 [FATAL] Updater:308 - Updater called before beeing initialized
2023-12-26 16:26:52,310 [ERROR] Updater:1120 - MainUpdater not yet initialized. External WinMGr cannot be set.
2023-12-26 16:26:52,325 [INFO] Updater:1056 - Updater Version found : 6.9.2
2023-12-26 16:26:52,341 [INFO] ApplicationProperties:184 - Using Application install path: C:\ST\STM32CubeIDE_1.13.2\STM32CubeIDE\plugins\com.st.stm32cube.common.mx_6.9.2.202309101412
2023-12-26 16:26:52,576 [INFO] MainUpdater:2868 - connection check result : 10
2023-12-26 16:26:52,576 [INFO] MainUpdater:285 - Updater Check For Update Now.
2023-12-26 16:26:52,576 [INFO] MicroXplorer:498 - Change Database Version : DB.6.0.92
2023-12-26 16:26:52,592 [INFO] McuFinderGlobals:63 - Set McuFinder mode to 2 (CubeIDE integrated)
2023-12-26 16:26:52,592 [INFO] UserAuth:179 - activating auth plugin
2023-12-26 16:26:52,596 [INFO] UserAuth:393 - Internet connection configuration mode: 1
2023-12-26 16:26:52,612 [INFO] JxBrowserEngine:151 - Initiate JxBrowser Engine with user profile folder
2023-12-26 16:26:52,749 [INFO] CheckServerUpdateThread:120 - End of CheckServer Thread
2023-12-26 16:26:53,139 [INFO] WebApp:157 - Instantiating new browser for Auth
2023-12-26 16:26:53,260 [WARN] PackLoader:240 - Cannot read IP mode file for STMicroelectronics.X-CUBE-SMBUS.2.1.0
2023-12-26 16:26:53,272 [WARN] PackLoader:240 - Cannot read IP mode file for STMicroelectronics.X-CUBE-TOUCHGFX.4.23.0
2023-12-26 16:26:53,310 [WARN] PackLoader:240 - Cannot read IP mode file for STMicroelectronics.X-CUBE-AZRTOS-F7.1.1.0
2023-12-26 16:26:53,323 [WARN] PackLoader:240 - Cannot read IP mode file for STMicroelectronics.FP-SNS-MOTENV1.4.3.2
2023-12-26 16:26:53,332 [WARN] PackLoader:240 - Cannot read IP mode file for STMicroelectronics.FP-SNS-FLIGHT1.5.0.2
2023-12-26 16:26:53,343 [WARN] PackLoader:240 - Cannot read IP mode file for STMicroelectronics.X-CUBE-DISPLAY.3.0.0
2023-12-26 16:26:53,356 [WARN] PackLoader:240 - Cannot read IP mode file for STMicroelectronics.X-CUBE-BLE1.7.0.0
2023-12-26 16:26:53,363 [WARN] PackLoader:240 - Cannot read IP mode file for emotas.I-CUBE-CANOPEN.1.3.0
2023-12-26 16:26:53,368 [WARN] PackLoader:240 - Cannot read IP mode file for STMicroelectronics.X-CUBE-TOUCHGFX.4.22.1
2023-12-26 16:26:53,374 [WARN] PackLoader:240 - Cannot read IP mode file for STMicroelectronics.FP-SNS-SMARTAG2.1.2.0
2023-12-26 16:26:53,385 [INFO] LogOutputStream:77 - [STDOUT_REDIRECT] 1 : Invalid condition id : UX_CORESTACK_Condition cause : null
2023-12-26 16:26:53,386 [INFO] LogOutputStream:77 - [STDOUT_REDIRECT] 1 : Invalid condition id : UX_CORESTACK_Condition cause : null
2023-12-26 16:26:53,387 [INFO] LogOutputStream:77 - [STDOUT_REDIRECT] 1 : Invalid condition id : UX_CORESTACK_Condition cause : null
2023-12-26 16:26:53,388 [INFO] LogOutputStream:77 - [STDOUT_REDIRECT] 1 : Invalid condition id : UX_CORESTACK_Condition cause : null
2023-12-26 16:26:53,389 [INFO] LogOutputStream:77 - [STDOUT_REDIRECT] 1 : Invalid condition id : UX_CORESTACK_Condition cause : null
2023-12-26 16:26:53,392 [WARN] PackLoader:240 - Cannot read IP mode file for STMicroelectronics.X-CUBE-AZRTOS-WL.2.0.0
2023-12-26 16:26:53,402 [WARN] PackLoader:240 - Cannot read IP mode file for WES.I-CUBE-Cesium.1.3.0
2023-12-26 16:26:53,409 [WARN] PackLoader:240 - Cannot read IP mode file for STMicroelectronics.X-CUBE-BLE2.3.3.0
2023-12-26 16:26:53,416 [WARN] PackLoader:240 - Cannot read IP mode file for STMicroelectronics.X-CUBE-ALGOBUILD.1.3.0
2023-12-26 16:26:53,435 [WARN] PackLoader:240 - Cannot read IP mode file for STMicroelectronics.X-CUBE-AZRTOS-G0.1.1.0
2023-12-26 16:26:53,443 [WARN] PackLoader:240 - Cannot read IP mode file for STMicroelectronics.X-CUBE-NFC4.3.0.0
2023-12-26 16:26:53,453 [WARN] PackLoader:240 - Cannot read IP mode file for STMicroelectronics.X-CUBE-BLEMGR.3.0.0
2023-12-26 16:26:53,461 [WARN] PackLoader:240 - Cannot read IP mode file for STMicroelectronics.FP-ATR-SIGFOX1.3.2.0
2023-12-26 16:26:53,503 [WARN] PackLoader:240 - Cannot read IP mode file for SEGGER.I-CUBE-embOS.1.3.1
2023-12-26 16:26:53,593 [WARN] PackLoader:240 - Cannot read IP mode file for STMicroelectronics.X-CUBE-GNSS1.6.0.0
2023-12-26 16:26:53,596 [WARN] PackLoader:240 - Cannot read IP mode file for STMicroelectronics.X-CUBE-AZRTOS-F4.1.1.0
2023-12-26 16:26:53,612 [WARN] PackLoader:240 - Cannot read IP mode file for wolfSSL.I-CUBE-wolfSSL.5.6.4
2023-12-26 16:26:53,628 [WARN] PackLoader:240 - Cannot read IP mode file for STMicroelectronics.X-CUBE-AZRTOS-L5.2.0.0
2023-12-26 16:26:53,643 [WARN] PackLoader:240 - Cannot read IP mode file for STMicroelectronics.X-CUBE-EEPRMA1.4.2.0
2023-12-26 16:26:53,647 [WARN] PackLoader:240 - Cannot read IP mode file for ITTIA_DB.I-CUBE-ITTIADB.8.8.0
2023-12-26 16:26:53,673 [WARN] ConditionMgr:438 - getConditionDescription Invalid condition id : UX DEVICE CLASS RTOS Condition cause : null
2023-12-26 16:26:53,674 [WARN] ConditionMgr:438 - getConditionDescription Invalid condition id : UX DEVICE CLASS RTOS Condition cause : null
2023-12-26 16:26:53,676 [WARN] PackLoader:240 - Cannot read IP mode file for STMicroelectronics.X-CUBE-AZRTOS-H7.3.1.0
2023-12-26 16:26:53,677 [WARN] ConditionMgr:1039 - genDependencies : Invalid condition id : UX DEVICE CLASS RTOS Condition cause : null
2023-12-26 16:26:53,677 [WARN] ConditionMgr:1039 - genDependencies : Invalid condition id : UX DEVICE CLASS RTOS Condition cause : null
2023-12-26 16:26:53,678 [WARN] ConditionMgr:1039 - genDependencies : Invalid condition id : UX DEVICE CLASS RTOS Condition cause : null
2023-12-26 16:26:53,678 [WARN] ConditionMgr:1039 - genDependencies : Invalid condition id : UX DEVICE CLASS RTOS Condition cause : null
2023-12-26 16:26:53,678 [WARN] ConditionMgr:1039 - genDependencies : Invalid condition id : UX DEVICE CLASS RTOS Condition cause : null
2023-12-26 16:26:53,685 [WARN] PackLoader:240 - Cannot read IP mode file for STMicroelectronics.X-CUBE-NFC7.1.0.1
2023-12-26 16:26:53,694 [WARN] PackLoader:240 - Cannot read IP mode file for STMicroelectronics.X-CUBE-NFC6.3.0.0
2023-12-26 16:26:53,702 [WARN] PackLoader:240 - Cannot read IP mode file for STMicroelectronics.X-CUBE-AI.8.1.0
2023-12-26 16:26:53,719 [WARN] ConditionMgr:438 - getConditionDescription Invalid condition id : LAN8742 Phy interface Condition cause : null
2023-12-26 16:26:53,720 [WARN] PackLoader:240 - Cannot read IP mode file for STMicroelectronics.X-CUBE-AZRTOS-L4.2.0.0
2023-12-26 16:26:53,722 [WARN] ConditionMgr:1039 - genDependencies : Invalid condition id : LAN8742 Phy interface Condition cause : null
2023-12-26 16:26:53,723 [WARN] ConditionMgr:1039 - genDependencies : Invalid condition id : LAN8742 Phy interface Condition cause : null
2023-12-26 16:26:53,724 [WARN] ConditionMgr:1039 - genDependencies : Invalid condition id : LAN8742 Phy interface Condition cause : null
2023-12-26 16:26:53,732 [WARN] PackLoader:240 - Cannot read IP mode file for STMicroelectronics.X-CUBE-SFXS2LP1.4.0.0
2023-12-26 16:26:53,738 [WARN] PackLoader:240 - Cannot read IP mode file for STMicroelectronics.X-CUBE-ISPU.1.1.0
2023-12-26 16:26:53,751 [WARN] ConditionMgr:438 - getConditionDescription Invalid condition id : UX DEVICE CLASS RTOS Condition cause : null
2023-12-26 16:26:53,752 [WARN] ConditionMgr:438 - getConditionDescription Invalid condition id : UX DEVICE CLASS RTOS Condition cause : null
2023-12-26 16:26:53,754 [WARN] PackLoader:240 - Cannot read IP mode file for STMicroelectronics.X-CUBE-AZRTOS-WB.2.0.0
2023-12-26 16:26:53,755 [WARN] ConditionMgr:1039 - genDependencies : Invalid condition id : UX DEVICE CLASS RTOS Condition cause : null
2023-12-26 16:26:53,755 [WARN] ConditionMgr:1039 - genDependencies : Invalid condition id : UX DEVICE CLASS RTOS Condition cause : null
2023-12-26 16:26:53,757 [WARN] ConditionMgr:1039 - genDependencies : Invalid condition id : UX DEVICE CLASS RTOS Condition cause : null
2023-12-26 16:26:53,757 [WARN] ConditionMgr:1039 - genDependencies : Invalid condition id : UX DEVICE CLASS RTOS Condition cause : null
2023-12-26 16:26:53,757 [WARN] ConditionMgr:1039 - genDependencies : Invalid condition id : UX DEVICE CLASS RTOS Condition cause : null
2023-12-26 16:26:53,772 [WARN] PackLoader:240 - Cannot read IP mode file for STMicroelectronics.X-CUBE-SUBG2.5.0.0
2023-12-26 16:26:53,792 [WARN] PackLoader:240 - Cannot read IP mode file for STMicroelectronics.X-CUBE-TOF1.3.3.1
2023-12-26 16:26:53,813 [WARN] PackLoader:240 - Cannot read IP mode file for STMicroelectronics.X-CUBE-AZRTOS-G4.2.0.0
2023-12-26 16:26:53,824 [WARN] PackLoader:240 - Cannot read IP mode file for Infineon.AIROC-Wi-Fi-Bluetooth-STM32.1.5.1
2023-12-26 16:26:53,831 [WARN] PackLoader:240 - Cannot read IP mode file for STMicroelectronics.FP-SNS-MOTENVWB1.1.3.0
2023-12-26 16:26:53,834 [WARN] PackLoader:240 - Cannot read IP mode file for STMicroelectronics.FP-SNS-MOTENVWB1.1.3.1
2023-12-26 16:26:53,837 [WARN] PackLoader:240 - Cannot read IP mode file for STMicroelectronics.X-CUBE-ISPU.2.0.0
2023-12-26 16:26:53,863 [WARN] PackLoader:240 - Cannot read IP mode file for STMicroelectronics.X-CUBE-MEMS1.10.0.0
2023-12-26 16:26:53,926 [INFO] WebApp:753 - Register for checkConnection events
2023-12-26 16:26:53,926 [INFO] WebApp:390 - Apply proxy settings
2023-12-26 16:26:53,927 [INFO] WebApp:475 - Chromium requires no authentication
2023-12-26 16:26:53,936 [INFO] WebApp:418 - Direct internet connection detected
2023-12-26 16:26:53,959 [WARN] PackLoader:240 - Cannot read IP mode file for STMicroelectronics.X-CUBE-FREERTOS.1.1.0
2023-12-26 16:26:53,964 [WARN] PackLoader:240 - Cannot read IP mode file for portGmbH.I-Cube-SoM-uGOAL.1.1.0
2023-12-26 16:26:53,973 [WARN] PackLoader:240 - Cannot read IP mode file for STMicroelectronics.X-CUBE-ALS.1.0.1
2023-12-26 16:26:53,976 [WARN] PackLoader:240 - Cannot read IP mode file for STMicroelectronics.FP-ATR-ASTRA1.2.0.0
2023-12-26 16:26:53,976 [WARN] PackLoader:240 - Cannot read IP mode file for STMicroelectronics.X-CUBE-TOF1.3.4.0
2023-12-26 16:26:53,994 [WARN] PackLoader:240 - Cannot read IP mode file for STMicroelectronics.X-CUBE-AZRTOS-H7.3.2.0
2023-12-26 16:26:54,008 [INFO] ThirdParty:978 - Integrity check success = true
2023-12-26 16:26:54,008 [INFO] IntegrityCheckThread:100 - exiting critical section [integrity check]
2023-12-26 16:26:54,008 [INFO] IntegrityCheckThread:103 - End integrity checks thread
2023-12-26 16:26:54,164 [INFO] WebApp:188 - Starting web application
2023-12-26 16:26:54,164 [INFO] WebApp:520 - Web application path used C:\ST\STM32CubeIDE_1.13.2\STM32CubeIDE\plugins\com.st.stm32cube.common.mx_6.9.2.202309101412\db\plugins\mcufinder\reactClient1\index.html
2023-12-26 16:27:14,865 [ERROR] LogOutputStream:75 - [STDERR_REDIRECT] SLF4J: Failed to load class "org.slf4j.impl.StaticLoggerBinder".
2023-12-26 16:27:14,865 [ERROR] LogOutputStream:75 - [STDERR_REDIRECT] SLF4J: Defaulting to no-operation (NOP) logger implementation
2023-12-26 16:27:14,866 [ERROR] LogOutputStream:75 - [STDERR_REDIRECT] SLF4J: See http://www.slf4j.org/codes.html#StaticLoggerBinder for further details.
2023-12-26 16:52:10,223 [ERROR] LogOutputStream:75 - [STDERR_REDIRECT] 
