2023-12-28 18:06:51,974 [INFO] Activator:176 - 


2023-12-28 18:06:51,981 [INFO] Activator:177 - !SESSION log4j initialized
2023-12-28 18:06:57,958 [INFO] LogOutputStream:77 - [STDOUT_REDIRECT] 
2023-12-28 18:07:03,912 [INFO] ApplicationProperties:184 - Using Application install path: C:\ST\STM32CubeIDE_1.13.2\STM32CubeIDE\plugins\com.st.stm32cube.common.mx_6.9.2.202309101412
2023-12-28 18:07:03,931 [INFO] DbMcusXml:78 - Set database path to: C:\ST\STM32CubeIDE_1.13.2\STM32CubeIDE\plugins\com.st.stm32cube.common.mx_6.9.2.202309101412\\db\/mcu/
2023-12-28 18:07:03,931 [INFO] ApiDb:274 - Set plugin database path to: C:\ST\STM32CubeIDE_1.13.2\STM32CubeIDE\plugins\com.st.stm32cube.common.mx_6.9.2.202309101412\\db\/plugins/boardmanager/
2023-12-28 18:07:03,932 [WARN] ApiDb:259 - Overriding images path with different value:  => C:\ST\STM32CubeIDE_1.13.2\STM32CubeIDE\plugins\com.st.stm32cube.common.mx_6.9.2.202309101412\\db\/plugins/mcufinder/images/
2023-12-28 18:07:03,945 [INFO] ApiDb:250 - Set database path to: C:\Users\tejas\.stmcufinder\plugins\mcufinder//mcu/
2023-12-28 18:07:03,947 [INFO] DbMcusAds:125 - Set database path to: C:\Users\tejas\.stmcufinder\plugins\mcufinder//mcu/
2023-12-28 18:07:03,949 [INFO] CrossReferenceDbSqlite:203 - Set database path to: C:\Users\tejas\.stmcufinder\plugins\mcufinder//mcu/cs/
2023-12-28 18:07:04,092 [INFO] RulesReader:64 - Compatibility file has been processed (293 Rules)
2023-12-28 18:07:04,170 [INFO] DbMcusXml:78 - Set database path to: C:\ST\STM32CubeIDE_1.13.2\STM32CubeIDE\plugins\com.st.stm32cube.common.mx_6.9.2.202309101412\\db\/mcu/
2023-12-28 18:07:04,170 [INFO] ApiDb:274 - Set plugin database path to: C:\ST\STM32CubeIDE_1.13.2\STM32CubeIDE\plugins\com.st.stm32cube.common.mx_6.9.2.202309101412\\db\/plugins/boardmanager/
2023-12-28 18:07:04,170 [INFO] ApiDb:261 - Set plugin images path to: C:\ST\STM32CubeIDE_1.13.2\STM32CubeIDE\plugins\com.st.stm32cube.common.mx_6.9.2.202309101412\\db\/plugins/mcufinder/images/
2023-12-28 18:07:04,171 [WARN] DbFile:41 - Overriding database path with different value: C:\Users\tejas\.stmcufinder\plugins\mcufinder/ => C:\Users\tejas\.stmcufinder\plugins\mcufinder
2023-12-28 18:07:04,171 [INFO] ApiDb:250 - Set database path to: C:\Users\tejas\.stmcufinder\plugins\mcufinder//mcu/
2023-12-28 18:07:04,171 [WARN] DbFile:41 - Overriding database path with different value: C:\Users\tejas\.stmcufinder\plugins\mcufinder/ => C:\Users\tejas\.stmcufinder\plugins\mcufinder
2023-12-28 18:07:04,171 [INFO] DbMcusAds:125 - Set database path to: C:\Users\tejas\.stmcufinder\plugins\mcufinder//mcu/
2023-12-28 18:07:04,171 [WARN] DbFile:41 - Overriding database path with different value: C:\Users\tejas\.stmcufinder\plugins\mcufinder/ => C:\Users\tejas\.stmcufinder\plugins\mcufinder
2023-12-28 18:07:04,171 [WARN] DbFile:41 - Overriding database path with different value: C:\Users\tejas\.stmcufinder\plugins\mcufinder/ => C:\Users\tejas\.stmcufinder\plugins\mcufinder
2023-12-28 18:07:04,171 [INFO] CrossReferenceDbSqlite:203 - Set database path to: C:\Users\tejas\.stmcufinder\plugins\mcufinder//mcu/cs/
2023-12-28 18:07:04,237 [INFO] MainPanel:262 - HeapMemory: 268435456
2023-12-28 18:07:04,318 [INFO] DbMcusXml:78 - Set database path to: C:\ST\STM32CubeIDE_1.13.2\STM32CubeIDE\plugins\com.st.stm32cube.common.mx_6.9.2.202309101412\\db\/mcu/
2023-12-28 18:07:04,318 [INFO] ApiDb:274 - Set plugin database path to: C:\ST\STM32CubeIDE_1.13.2\STM32CubeIDE\plugins\com.st.stm32cube.common.mx_6.9.2.202309101412\\db\/plugins/boardmanager/
2023-12-28 18:07:04,318 [INFO] ApiDb:261 - Set plugin images path to: C:\ST\STM32CubeIDE_1.13.2\STM32CubeIDE\plugins\com.st.stm32cube.common.mx_6.9.2.202309101412\\db\/plugins/mcufinder/images/
2023-12-28 18:07:04,319 [WARN] DbFile:41 - Overriding database path with different value: C:\Users\tejas\.stmcufinder\plugins\mcufinder/ => C:\Users\tejas\.stmcufinder\plugins\mcufinder
2023-12-28 18:07:04,319 [INFO] ApiDb:250 - Set database path to: C:\Users\tejas\.stmcufinder\plugins\mcufinder//mcu/
2023-12-28 18:07:04,319 [WARN] DbFile:41 - Overriding database path with different value: C:\Users\tejas\.stmcufinder\plugins\mcufinder/ => C:\Users\tejas\.stmcufinder\plugins\mcufinder
2023-12-28 18:07:04,319 [INFO] DbMcusAds:125 - Set database path to: C:\Users\tejas\.stmcufinder\plugins\mcufinder//mcu/
2023-12-28 18:07:04,319 [WARN] DbFile:41 - Overriding database path with different value: C:\Users\tejas\.stmcufinder\plugins\mcufinder/ => C:\Users\tejas\.stmcufinder\plugins\mcufinder
2023-12-28 18:07:04,319 [WARN] DbFile:41 - Overriding database path with different value: C:\Users\tejas\.stmcufinder\plugins\mcufinder/ => C:\Users\tejas\.stmcufinder\plugins\mcufinder
2023-12-28 18:07:04,319 [INFO] CrossReferenceDbSqlite:203 - Set database path to: C:\Users\tejas\.stmcufinder\plugins\mcufinder//mcu/cs/
2023-12-28 18:07:04,337 [INFO] ApplicationProperties:184 - Using Application install path: C:\ST\STM32CubeIDE_1.13.2\STM32CubeIDE\plugins\com.st.stm32cube.common.mx_6.9.2.202309101412
2023-12-28 18:07:04,338 [INFO] PluginManage:196 - Search for loadable plugins [exclusion list=, ]
2023-12-28 18:07:04,340 [INFO] PluginManage:310 - Check plugin analytics
2023-12-28 18:07:09,413 [INFO] AnalyticsPlugin:253 - Accepted Software Licenses: 
2023-12-28 18:07:09,413 [INFO] AnalyticsPlugin:255 - Accepted CMSIS Pack Licenses: 
2023-12-28 18:07:09,413 [INFO] AnalyticsPlugin:257 - Accepted Firmware Licenses: 
2023-12-28 18:07:09,413 [INFO] PluginManage:359 - Loaded plugin analytics (category:tool,tabindex:-1)
2023-12-28 18:07:09,413 [INFO] PluginManage:310 - Check plugin cadmodel
2023-12-28 18:07:09,426 [INFO] CADModel:105 - Init CAD model plugin
2023-12-28 18:07:09,426 [INFO] PluginManage:359 - Loaded plugin cadmodel (category:power,tabindex:5)
2023-12-28 18:07:09,426 [INFO] PluginManage:310 - Check plugin clock
2023-12-28 18:07:09,441 [INFO] PluginManage:359 - Loaded plugin clock (category:base,tabindex:2)
2023-12-28 18:07:09,441 [INFO] PluginManage:310 - Check plugin ddr
2023-12-28 18:07:09,441 [INFO] PluginManage:359 - Loaded plugin ddr (category:tool,tabindex:6)
2023-12-28 18:07:09,441 [INFO] PluginManage:310 - Check plugin filemanager
2023-12-28 18:07:09,551 [INFO] PluginManage:359 - Loaded plugin filemanager (category:base,tabindex:10)
2023-12-28 18:07:09,551 [INFO] PluginManage:310 - Check plugin ipmanager
2023-12-28 18:07:09,567 [INFO] PluginManage:359 - Loaded plugin ipmanager (category:base,tabindex:5)
2023-12-28 18:07:09,567 [INFO] PluginManage:310 - Check plugin lpbam
2023-12-28 18:07:09,582 [INFO] PluginManage:359 - Loaded plugin lpbam (category:base,tabindex:0)
2023-12-28 18:07:09,582 [INFO] PluginManage:310 - Check plugin memorymap
2023-12-28 18:07:09,598 [INFO] PluginManage:359 - Loaded plugin memorymap (category:base,tabindex:4)
2023-12-28 18:07:09,598 [INFO] PluginManage:310 - Check plugin pinoutandconfiguration
2023-12-28 18:07:09,614 [INFO] PluginManage:359 - Loaded plugin pinoutandconfiguration (category:base,tabindex:1)
2023-12-28 18:07:09,614 [INFO] PluginManage:310 - Check plugin pinoutconfig
2023-12-28 18:07:09,692 [WARN] SupportedApi:132 - Cannot load RTOS API schema: s4s-elt-must-match.1: The content of 'definitions' must match (annotation?, (simpleType | complexType)?, (unique | key | keyref)*)). A problem was found starting at: attribute.
2023-12-28 18:07:09,802 [INFO] PluginManage:359 - Loaded plugin pinoutconfig (category:base,tabindex:0)
2023-12-28 18:07:09,802 [INFO] PluginManage:310 - Check plugin power
2023-12-28 18:07:09,818 [INFO] PluginManage:359 - Loaded plugin power (category:power,tabindex:4)
2023-12-28 18:07:09,818 [INFO] PluginManage:310 - Check plugin projectmanager
2023-12-28 18:07:09,818 [INFO] PluginManage:359 - Loaded plugin projectmanager (category:projectmanager,tabindex:3)
2023-12-28 18:07:09,818 [INFO] PluginManage:310 - Check plugin thirdparty
2023-12-28 18:07:10,037 [INFO] PluginManage:359 - Loaded plugin thirdparty (category:base,tabindex:-1)
2023-12-28 18:07:10,037 [INFO] PluginManage:310 - Check plugin tools
2023-12-28 18:07:10,037 [WARN] IntegrityCheckThread:84 - waiting for thirdparty lock release [integrity check]
2023-12-28 18:07:10,037 [INFO] IntegrityCheckThread:86 - entering critical section [integrity check]
2023-12-28 18:07:10,037 [INFO] ThirdPartyUpdaterWithRetryManager:70 - Updater plugin not ready yet. [1/15]
2023-12-28 18:07:10,069 [INFO] PluginManage:359 - Loaded plugin tools (category:base,tabindex:7)
2023-12-28 18:07:10,069 [INFO] PluginManage:310 - Check plugin tutovideos
2023-12-28 18:07:10,216 [INFO] PluginManage:359 - Loaded plugin tutovideos (category:base,tabindex:-1)
2023-12-28 18:07:10,216 [INFO] PluginManage:310 - Check plugin updater
2023-12-28 18:07:10,225 [INFO] PluginManage:359 - Loaded plugin updater (category:base,tabindex:12)
2023-12-28 18:07:10,225 [INFO] PluginManage:310 - Check plugin userauth
2023-12-28 18:07:10,225 [INFO] UserAuth:113 - Init User Auth plugin
2023-12-28 18:07:10,225 [INFO] PluginManage:359 - Loaded plugin userauth (category:base,tabindex:14)
2023-12-28 18:07:10,225 [INFO] PluginManage:283 - PluginManage : Loaded plugins [17]
2023-12-28 18:07:10,397 [INFO] PinOutPanel:1499 - setPackage(No Configuration,No Configuration)
2023-12-28 18:07:10,492 [INFO] CADModel:165 - CPN selected for project level
2023-12-28 18:07:10,492 [INFO] CADModel:114 - Register for checkConnection events
2023-12-28 18:07:10,523 [INFO] IPUIPlugin:80 - create IPUIPlugin
2023-12-28 18:07:10,523 [INFO] PluginManager:220 - loadIPPluginJar : add adc
2023-12-28 18:07:10,554 [INFO] IPUIPlugin:80 - create IPUIPlugin
2023-12-28 18:07:10,554 [INFO] PluginManager:220 - loadIPPluginJar : add aes
2023-12-28 18:07:10,586 [INFO] IPUIPlugin:80 - create IPUIPlugin
2023-12-28 18:07:10,586 [INFO] PluginManager:220 - loadIPPluginJar : add can
2023-12-28 18:07:10,601 [INFO] IPUIPlugin:80 - create IPUIPlugin
2023-12-28 18:07:10,601 [INFO] PluginManager:220 - loadIPPluginJar : add comp
2023-12-28 18:07:10,617 [INFO] IPUIPlugin:80 - create IPUIPlugin
2023-12-28 18:07:10,617 [INFO] PluginManager:220 - loadIPPluginJar : add cryp
2023-12-28 18:07:10,633 [INFO] IPUIPlugin:80 - create IPUIPlugin
2023-12-28 18:07:10,633 [INFO] PluginManager:220 - loadIPPluginJar : add dfsdm
2023-12-28 18:07:10,649 [INFO] IPUIPlugin:80 - create IPUIPlugin
2023-12-28 18:07:10,649 [INFO] PluginManager:220 - loadIPPluginJar : add dma
2023-12-28 18:07:10,680 [INFO] IPUIPlugin:80 - create IPUIPlugin
2023-12-28 18:07:10,680 [INFO] PluginManager:220 - loadIPPluginJar : add dma3
2023-12-28 18:07:10,695 [INFO] IPUIPlugin:80 - create IPUIPlugin
2023-12-28 18:07:10,695 [INFO] PluginManager:220 - loadIPPluginJar : add fatfs
2023-12-28 18:07:10,727 [INFO] IPUIPlugin:80 - create IPUIPlugin
2023-12-28 18:07:10,727 [INFO] PluginManager:220 - loadIPPluginJar : add fmc
2023-12-28 18:07:10,743 [INFO] IPUIPlugin:80 - create IPUIPlugin
2023-12-28 18:07:10,743 [INFO] PluginManager:220 - loadIPPluginJar : add freertos
2023-12-28 18:07:10,758 [INFO] IPUIPlugin:80 - create IPUIPlugin
2023-12-28 18:07:10,758 [INFO] PluginManager:220 - loadIPPluginJar : add genericplugin
2023-12-28 18:07:10,837 [INFO] IPUIPlugin:80 - create IPUIPlugin
2023-12-28 18:07:10,837 [INFO] PluginManager:220 - loadIPPluginJar : add gfxmmu
2023-12-28 18:07:10,931 [INFO] IPUIPlugin:80 - create IPUIPlugin
2023-12-28 18:07:10,931 [INFO] PluginManager:220 - loadIPPluginJar : add gic
2023-12-28 18:07:10,931 [INFO] IPUIPlugin:80 - create IPUIPlugin
2023-12-28 18:07:10,931 [INFO] PluginManager:220 - loadIPPluginJar : add gpio
2023-12-28 18:07:10,994 [INFO] IPUIPlugin:80 - create IPUIPlugin
2023-12-28 18:07:10,994 [INFO] PluginManager:220 - loadIPPluginJar : add gtzc
2023-12-28 18:07:11,025 [INFO] IPUIPlugin:80 - create IPUIPlugin
2023-12-28 18:07:11,025 [INFO] PluginManager:220 - loadIPPluginJar : add hash
2023-12-28 18:07:11,057 [INFO] IPUIPlugin:80 - create IPUIPlugin
2023-12-28 18:07:11,057 [INFO] PluginManager:220 - loadIPPluginJar : add i2c
2023-12-28 18:07:11,088 [INFO] IPUIPlugin:80 - create IPUIPlugin
2023-12-28 18:07:11,088 [INFO] PluginManager:220 - loadIPPluginJar : add i2s
2023-12-28 18:07:11,119 [INFO] IPUIPlugin:80 - create IPUIPlugin
2023-12-28 18:07:11,119 [INFO] PluginManager:220 - loadIPPluginJar : add i3c
2023-12-28 18:07:11,198 [INFO] IPUIPlugin:80 - create IPUIPlugin
2023-12-28 18:07:11,198 [INFO] PluginManager:220 - loadIPPluginJar : add ipddr
2023-12-28 18:07:11,260 [INFO] IPUIPlugin:80 - create IPUIPlugin
2023-12-28 18:07:11,260 [INFO] PluginManager:220 - loadIPPluginJar : add linkedlist
2023-12-28 18:07:11,276 [INFO] IPUIPlugin:80 - create IPUIPlugin
2023-12-28 18:07:11,276 [INFO] PluginManager:220 - loadIPPluginJar : add lorawan
2023-12-28 18:07:11,307 [INFO] IPUIPlugin:80 - create IPUIPlugin
2023-12-28 18:07:11,307 [INFO] PluginManager:220 - loadIPPluginJar : add ltdc
2023-12-28 18:07:11,323 [INFO] IPUIPlugin:80 - create IPUIPlugin
2023-12-28 18:07:11,323 [INFO] PluginManager:220 - loadIPPluginJar : add mdma
2023-12-28 18:07:11,323 [INFO] IPUIPlugin:80 - create IPUIPlugin
2023-12-28 18:07:11,323 [INFO] PluginManager:220 - loadIPPluginJar : add nvic
2023-12-28 18:07:11,355 [INFO] IPUIPlugin:80 - create IPUIPlugin
2023-12-28 18:07:11,355 [INFO] PluginManager:220 - loadIPPluginJar : add opamp
2023-12-28 18:07:11,402 [INFO] IPUIPlugin:80 - create IPUIPlugin
2023-12-28 18:07:11,402 [INFO] PluginManager:220 - loadIPPluginJar : add openamp
2023-12-28 18:07:11,433 [INFO] IPUIPlugin:80 - create IPUIPlugin
2023-12-28 18:07:11,433 [INFO] PluginManager:220 - loadIPPluginJar : add pdm2pcm
2023-12-28 18:07:11,433 [INFO] IPUIPlugin:80 - create IPUIPlugin
2023-12-28 18:07:11,433 [INFO] PluginManager:220 - loadIPPluginJar : add plateformsettings
2023-12-28 18:07:11,449 [INFO] IPUIPlugin:80 - create IPUIPlugin
2023-12-28 18:07:11,449 [INFO] PluginManager:220 - loadIPPluginJar : add quadspi
2023-12-28 18:07:11,464 [INFO] IPUIPlugin:80 - create IPUIPlugin
2023-12-28 18:07:11,464 [INFO] PluginManager:220 - loadIPPluginJar : add resmgrutility
2023-12-28 18:07:11,496 [INFO] IPUIPlugin:80 - create IPUIPlugin
2023-12-28 18:07:11,496 [INFO] PluginManager:220 - loadIPPluginJar : add sai
2023-12-28 18:07:11,527 [INFO] IPUIPlugin:80 - create IPUIPlugin
2023-12-28 18:07:11,527 [INFO] PluginManager:220 - loadIPPluginJar : add spi
2023-12-28 18:07:11,559 [INFO] IPUIPlugin:80 - create IPUIPlugin
2023-12-28 18:07:11,559 [INFO] PluginManager:220 - loadIPPluginJar : add stm32_wpan
2023-12-28 18:07:11,590 [INFO] IPUIPlugin:80 - create IPUIPlugin
2023-12-28 18:07:11,590 [INFO] PluginManager:220 - loadIPPluginJar : add tim
2023-12-28 18:07:11,621 [INFO] IPUIPlugin:80 - create IPUIPlugin
2023-12-28 18:07:11,621 [INFO] PluginManager:220 - loadIPPluginJar : add touchsensing
2023-12-28 18:07:11,637 [INFO] IPUIPlugin:80 - create IPUIPlugin
2023-12-28 18:07:11,637 [INFO] PluginManager:220 - loadIPPluginJar : add tracer_emb
2023-12-28 18:07:11,653 [INFO] IPUIPlugin:80 - create IPUIPlugin
2023-12-28 18:07:11,653 [INFO] PluginManager:220 - loadIPPluginJar : add ts
2023-12-28 18:07:11,668 [INFO] IPUIPlugin:80 - create IPUIPlugin
2023-12-28 18:07:11,668 [INFO] PluginManager:220 - loadIPPluginJar : add tsc
2023-12-28 18:07:11,684 [INFO] IPUIPlugin:80 - create IPUIPlugin
2023-12-28 18:07:11,684 [INFO] PluginManager:220 - loadIPPluginJar : add ucpd
2023-12-28 18:07:11,719 [INFO] IPUIPlugin:80 - create IPUIPlugin
2023-12-28 18:07:11,719 [INFO] PluginManager:220 - loadIPPluginJar : add usart
2023-12-28 18:07:11,747 [INFO] IPUIPlugin:80 - create IPUIPlugin
2023-12-28 18:07:11,747 [INFO] PluginManager:220 - loadIPPluginJar : add usbx
2023-12-28 18:07:11,873 [INFO] CADModel:165 - CPN selected for project level
2023-12-28 18:07:11,873 [INFO] CADModel:114 - Register for checkConnection events
2023-12-28 18:07:11,873 [FATAL] Updater:308 - Updater called before beeing initialized
2023-12-28 18:07:11,873 [ERROR] CADModel:125 - Updater not yet initialized, retry later 
2023-12-28 18:07:11,982 [INFO] CADModel:165 - CPN selected for project level
2023-12-28 18:07:11,982 [INFO] CADModel:114 - Register for checkConnection events
2023-12-28 18:07:11,982 [FATAL] Updater:308 - Updater called before beeing initialized
2023-12-28 18:07:11,982 [ERROR] CADModel:125 - Updater not yet initialized, retry later 
2023-12-28 18:07:11,982 [FATAL] Updater:308 - Updater called before beeing initialized
2023-12-28 18:07:12,062 [FATAL] Updater:308 - Updater called before beeing initialized
2023-12-28 18:07:12,062 [INFO] DbMcusAds:53 - JSON generation date=Wed Nov 29 05:52:27 EST 2023 (1701255147349)
2023-12-28 18:07:12,062 [FATAL] Updater:308 - Updater called before beeing initialized
2023-12-28 18:07:12,139 [WARN] DetailPanel:346 - Failed to get advertising image, set to default
2023-12-28 18:07:12,220 [FATAL] Updater:308 - Updater called before beeing initialized
2023-12-28 18:07:12,220 [FATAL] Updater:308 - Updater called before beeing initialized
2023-12-28 18:07:12,220 [FATAL] Updater:308 - Updater called before beeing initialized
2023-12-28 18:07:12,220 [WARN] DetailPanel:346 - Failed to get advertising image, set to default
2023-12-28 18:07:12,220 [FATAL] Updater:308 - Updater called before beeing initialized
2023-12-28 18:07:12,265 [ERROR] Updater:1120 - MainUpdater not yet initialized. External WinMGr cannot be set.
2023-12-28 18:07:12,280 [INFO] Updater:1056 - Updater Version found : 6.9.2
2023-12-28 18:07:12,296 [INFO] ApplicationProperties:184 - Using Application install path: C:\ST\STM32CubeIDE_1.13.2\STM32CubeIDE\plugins\com.st.stm32cube.common.mx_6.9.2.202309101412
2023-12-28 18:07:12,469 [INFO] MainUpdater:2868 - connection check result : 10
2023-12-28 18:07:12,469 [INFO] MainUpdater:3562 - Updater definition file requires update
2023-12-28 18:07:12,469 [INFO] MainUpdater:285 - Updater Check For Update Now.
2023-12-28 18:07:12,469 [INFO] MicroXplorer:498 - Change Database Version : DB.6.0.92
2023-12-28 18:07:12,469 [INFO] McuFinderGlobals:63 - Set McuFinder mode to 2 (CubeIDE integrated)
2023-12-28 18:07:12,469 [INFO] UserAuth:179 - activating auth plugin
2023-12-28 18:07:12,469 [INFO] UserAuth:393 - Internet connection configuration mode: 1
2023-12-28 18:07:12,484 [INFO] JxBrowserEngine:151 - Initiate JxBrowser Engine with user profile folder
2023-12-28 18:07:12,579 [INFO] ServerAccessManage:473 - Download File updaters.zip
2023-12-28 18:07:12,657 [INFO] FileExtend:240 - Unzip File : updaters.zip
2023-12-28 18:07:12,657 [INFO] FileExtend:255 - Standard Zip Deflate
2023-12-28 18:07:13,049 [WARN] MainUpdater:1189 - Updater busy. Cannot search thirdparties
2023-12-28 18:07:13,049 [INFO] ThirdPartyUpdaterWithRetryManager:96 - Updater plugin is busy. [1/15]
2023-12-28 18:07:13,065 [INFO] ServerAccessManage:473 - Download File PacksControlFlags.xml
2023-12-28 18:07:13,237 [INFO] ServerAccessManage:473 - Download File cubemx.pidx
2023-12-28 18:07:13,284 [INFO] WebApp:157 - Instantiating new browser for Auth
2023-12-28 18:07:13,331 [INFO] LoadServerUpdatesThread:373 - End of LoadServerUpdate Thread
2023-12-28 18:07:13,508 [INFO] CheckServerUpdateThread:120 - End of CheckServer Thread
2023-12-28 18:07:13,862 [INFO] WebApp:753 - Register for checkConnection events
2023-12-28 18:07:13,862 [INFO] WebApp:390 - Apply proxy settings
2023-12-28 18:07:13,862 [INFO] WebApp:475 - Chromium requires no authentication
2023-12-28 18:07:13,870 [INFO] WebApp:418 - Direct internet connection detected
2023-12-28 18:07:14,011 [INFO] WebApp:188 - Starting web application
2023-12-28 18:07:14,011 [INFO] WebApp:520 - Web application path used C:\ST\STM32CubeIDE_1.13.2\STM32CubeIDE\plugins\com.st.stm32cube.common.mx_6.9.2.202309101412\db\plugins\mcufinder\reactClient1\index.html
2023-12-28 18:07:16,186 [WARN] PackLoader:240 - Cannot read IP mode file for STMicroelectronics.X-CUBE-SMBUS.2.1.0
2023-12-28 18:07:16,186 [WARN] PackLoader:240 - Cannot read IP mode file for STMicroelectronics.X-CUBE-TOUCHGFX.4.23.0
2023-12-28 18:07:16,218 [WARN] PackLoader:240 - Cannot read IP mode file for STMicroelectronics.X-CUBE-AZRTOS-F7.1.1.0
2023-12-28 18:07:16,227 [WARN] PackLoader:240 - Cannot read IP mode file for STMicroelectronics.FP-SNS-MOTENV1.4.3.2
2023-12-28 18:07:16,234 [WARN] PackLoader:240 - Cannot read IP mode file for STMicroelectronics.FP-SNS-FLIGHT1.5.0.2
2023-12-28 18:07:16,234 [WARN] PackLoader:240 - Cannot read IP mode file for STMicroelectronics.X-CUBE-DISPLAY.3.0.0
2023-12-28 18:07:16,249 [WARN] PackLoader:240 - Cannot read IP mode file for STMicroelectronics.X-CUBE-BLE1.7.0.0
2023-12-28 18:07:16,265 [WARN] PackLoader:240 - Cannot read IP mode file for emotas.I-CUBE-CANOPEN.1.3.0
2023-12-28 18:07:16,265 [WARN] PackLoader:240 - Cannot read IP mode file for STMicroelectronics.X-CUBE-TOUCHGFX.4.22.1
2023-12-28 18:07:16,265 [WARN] PackLoader:240 - Cannot read IP mode file for STMicroelectronics.FP-SNS-SMARTAG2.1.2.0
2023-12-28 18:07:16,280 [INFO] LogOutputStream:77 - [STDOUT_REDIRECT] 1 : Invalid condition id : UX_CORESTACK_Condition cause : null
2023-12-28 18:07:16,280 [INFO] LogOutputStream:77 - [STDOUT_REDIRECT] 1 : Invalid condition id : UX_CORESTACK_Condition cause : null
2023-12-28 18:07:16,280 [INFO] LogOutputStream:77 - [STDOUT_REDIRECT] 1 : Invalid condition id : UX_CORESTACK_Condition cause : null
2023-12-28 18:07:16,280 [INFO] LogOutputStream:77 - [STDOUT_REDIRECT] 1 : Invalid condition id : UX_CORESTACK_Condition cause : null
2023-12-28 18:07:16,280 [INFO] LogOutputStream:77 - [STDOUT_REDIRECT] 1 : Invalid condition id : UX_CORESTACK_Condition cause : null
2023-12-28 18:07:16,280 [WARN] PackLoader:240 - Cannot read IP mode file for STMicroelectronics.X-CUBE-AZRTOS-WL.2.0.0
2023-12-28 18:07:16,296 [WARN] PackLoader:240 - Cannot read IP mode file for WES.I-CUBE-Cesium.1.3.0
2023-12-28 18:07:16,296 [WARN] PackLoader:240 - Cannot read IP mode file for STMicroelectronics.X-CUBE-BLE2.3.3.0
2023-12-28 18:07:16,312 [WARN] PackLoader:240 - Cannot read IP mode file for STMicroelectronics.X-CUBE-ALGOBUILD.1.3.0
2023-12-28 18:07:16,327 [WARN] PackLoader:240 - Cannot read IP mode file for STMicroelectronics.X-CUBE-AZRTOS-G0.1.1.0
2023-12-28 18:07:16,328 [WARN] PackLoader:240 - Cannot read IP mode file for STMicroelectronics.X-CUBE-NFC4.3.0.0
2023-12-28 18:07:16,343 [WARN] PackLoader:240 - Cannot read IP mode file for STMicroelectronics.X-CUBE-BLEMGR.3.0.0
2023-12-28 18:07:16,343 [WARN] PackLoader:240 - Cannot read IP mode file for STMicroelectronics.FP-ATR-SIGFOX1.3.2.0
2023-12-28 18:07:16,375 [WARN] PackLoader:240 - Cannot read IP mode file for SEGGER.I-CUBE-embOS.1.3.1
2023-12-28 18:07:16,406 [WARN] PackLoader:240 - Cannot read IP mode file for STMicroelectronics.X-CUBE-GNSS1.6.0.0
2023-12-28 18:07:16,427 [WARN] PackLoader:240 - Cannot read IP mode file for STMicroelectronics.X-CUBE-AZRTOS-F4.1.1.0
2023-12-28 18:07:16,427 [WARN] PackLoader:240 - Cannot read IP mode file for wolfSSL.I-CUBE-wolfSSL.5.6.4
2023-12-28 18:07:16,438 [WARN] PackLoader:240 - Cannot read IP mode file for STMicroelectronics.X-CUBE-AZRTOS-L5.2.0.0
2023-12-28 18:07:16,453 [WARN] PackLoader:240 - Cannot read IP mode file for STMicroelectronics.X-CUBE-EEPRMA1.4.2.0
2023-12-28 18:07:16,453 [WARN] PackLoader:240 - Cannot read IP mode file for ITTIA_DB.I-CUBE-ITTIADB.8.8.0
2023-12-28 18:07:16,469 [WARN] ConditionMgr:438 - getConditionDescription Invalid condition id : UX DEVICE CLASS RTOS Condition cause : null
2023-12-28 18:07:16,469 [WARN] ConditionMgr:438 - getConditionDescription Invalid condition id : UX DEVICE CLASS RTOS Condition cause : null
2023-12-28 18:07:16,469 [WARN] PackLoader:240 - Cannot read IP mode file for STMicroelectronics.X-CUBE-AZRTOS-H7.3.1.0
2023-12-28 18:07:16,469 [WARN] ConditionMgr:1039 - genDependencies : Invalid condition id : UX DEVICE CLASS RTOS Condition cause : null
2023-12-28 18:07:16,469 [WARN] ConditionMgr:1039 - genDependencies : Invalid condition id : UX DEVICE CLASS RTOS Condition cause : null
2023-12-28 18:07:16,469 [WARN] ConditionMgr:1039 - genDependencies : Invalid condition id : UX DEVICE CLASS RTOS Condition cause : null
2023-12-28 18:07:16,469 [WARN] ConditionMgr:1039 - genDependencies : Invalid condition id : UX DEVICE CLASS RTOS Condition cause : null
2023-12-28 18:07:16,469 [WARN] ConditionMgr:1039 - genDependencies : Invalid condition id : UX DEVICE CLASS RTOS Condition cause : null
2023-12-28 18:07:16,469 [WARN] PackLoader:240 - Cannot read IP mode file for STMicroelectronics.X-CUBE-NFC7.1.0.1
2023-12-28 18:07:16,484 [WARN] PackLoader:240 - Cannot read IP mode file for STMicroelectronics.X-CUBE-NFC6.3.0.0
2023-12-28 18:07:16,484 [WARN] PackLoader:240 - Cannot read IP mode file for STMicroelectronics.X-CUBE-AI.8.1.0
2023-12-28 18:07:16,500 [WARN] ConditionMgr:438 - getConditionDescription Invalid condition id : LAN8742 Phy interface Condition cause : null
2023-12-28 18:07:16,500 [WARN] PackLoader:240 - Cannot read IP mode file for STMicroelectronics.X-CUBE-AZRTOS-L4.2.0.0
2023-12-28 18:07:16,500 [WARN] ConditionMgr:1039 - genDependencies : Invalid condition id : LAN8742 Phy interface Condition cause : null
2023-12-28 18:07:16,500 [WARN] ConditionMgr:1039 - genDependencies : Invalid condition id : LAN8742 Phy interface Condition cause : null
2023-12-28 18:07:16,500 [WARN] ConditionMgr:1039 - genDependencies : Invalid condition id : LAN8742 Phy interface Condition cause : null
2023-12-28 18:07:16,516 [WARN] PackLoader:240 - Cannot read IP mode file for STMicroelectronics.X-CUBE-SFXS2LP1.4.0.0
2023-12-28 18:07:16,516 [WARN] PackLoader:240 - Cannot read IP mode file for STMicroelectronics.X-CUBE-ISPU.1.1.0
2023-12-28 18:07:16,527 [WARN] ConditionMgr:438 - getConditionDescription Invalid condition id : UX DEVICE CLASS RTOS Condition cause : null
2023-12-28 18:07:16,527 [WARN] ConditionMgr:438 - getConditionDescription Invalid condition id : UX DEVICE CLASS RTOS Condition cause : null
2023-12-28 18:07:16,532 [WARN] PackLoader:240 - Cannot read IP mode file for STMicroelectronics.X-CUBE-AZRTOS-WB.2.0.0
2023-12-28 18:07:16,532 [WARN] ConditionMgr:1039 - genDependencies : Invalid condition id : UX DEVICE CLASS RTOS Condition cause : null
2023-12-28 18:07:16,532 [WARN] ConditionMgr:1039 - genDependencies : Invalid condition id : UX DEVICE CLASS RTOS Condition cause : null
2023-12-28 18:07:16,532 [WARN] ConditionMgr:1039 - genDependencies : Invalid condition id : UX DEVICE CLASS RTOS Condition cause : null
2023-12-28 18:07:16,532 [WARN] ConditionMgr:1039 - genDependencies : Invalid condition id : UX DEVICE CLASS RTOS Condition cause : null
2023-12-28 18:07:16,532 [WARN] ConditionMgr:1039 - genDependencies : Invalid condition id : UX DEVICE CLASS RTOS Condition cause : null
2023-12-28 18:07:16,532 [WARN] PackLoader:240 - Cannot read IP mode file for STMicroelectronics.X-CUBE-SUBG2.5.0.0
2023-12-28 18:07:16,547 [WARN] PackLoader:240 - Cannot read IP mode file for STMicroelectronics.X-CUBE-TOF1.3.3.1
2023-12-28 18:07:16,563 [WARN] PackLoader:240 - Cannot read IP mode file for STMicroelectronics.X-CUBE-AZRTOS-G4.2.0.0
2023-12-28 18:07:16,579 [WARN] PackLoader:240 - Cannot read IP mode file for Infineon.AIROC-Wi-Fi-Bluetooth-STM32.1.5.1
2023-12-28 18:07:16,579 [WARN] PackLoader:240 - Cannot read IP mode file for STMicroelectronics.FP-SNS-MOTENVWB1.1.3.0
2023-12-28 18:07:16,594 [WARN] PackLoader:240 - Cannot read IP mode file for STMicroelectronics.FP-SNS-MOTENVWB1.1.3.1
2023-12-28 18:07:16,594 [WARN] PackLoader:240 - Cannot read IP mode file for STMicroelectronics.X-CUBE-ISPU.2.0.0
2023-12-28 18:07:16,610 [WARN] PackLoader:240 - Cannot read IP mode file for STMicroelectronics.X-CUBE-MEMS1.10.0.0
2023-12-28 18:07:16,720 [WARN] PackLoader:240 - Cannot read IP mode file for STMicroelectronics.X-CUBE-FREERTOS.1.1.0
2023-12-28 18:07:16,720 [WARN] PackLoader:240 - Cannot read IP mode file for portGmbH.I-Cube-SoM-uGOAL.1.1.0
2023-12-28 18:07:16,728 [WARN] PackLoader:240 - Cannot read IP mode file for STMicroelectronics.X-CUBE-ALS.1.0.1
2023-12-28 18:07:16,728 [WARN] PackLoader:240 - Cannot read IP mode file for STMicroelectronics.FP-ATR-ASTRA1.2.0.0
2023-12-28 18:07:16,736 [WARN] PackLoader:240 - Cannot read IP mode file for STMicroelectronics.X-CUBE-TOF1.3.4.0
2023-12-28 18:07:16,751 [WARN] PackLoader:240 - Cannot read IP mode file for STMicroelectronics.X-CUBE-AZRTOS-H7.3.2.0
2023-12-28 18:07:16,751 [INFO] ThirdParty:978 - Integrity check success = true
2023-12-28 18:07:16,751 [INFO] IntegrityCheckThread:100 - exiting critical section [integrity check]
2023-12-28 18:07:16,751 [INFO] IntegrityCheckThread:103 - End integrity checks thread
2023-12-28 18:07:34,768 [ERROR] LogOutputStream:75 - [STDERR_REDIRECT] SLF4J: Failed to load class "org.slf4j.impl.StaticLoggerBinder".
2023-12-28 18:07:34,768 [ERROR] LogOutputStream:75 - [STDERR_REDIRECT] SLF4J: Defaulting to no-operation (NOP) logger implementation
2023-12-28 18:07:34,769 [ERROR] LogOutputStream:75 - [STDERR_REDIRECT] SLF4J: See http://www.slf4j.org/codes.html#StaticLoggerBinder for further details.
